# JRE version: OpenJDK Runtime Environment Temurin-21.0.10+7 (21.0.10+7) (build 21.0.10+7-LTS)
# Java VM: OpenJDK 64-Bit Server VM Temurin-21.0.10+7 (21.0.10+7-LTS, mixed mode, sharing, tiered, compressed oops, compressed class ptrs, serial gc, windows-amd64)
GC Precious Log:
 CardTable entry size: 512
 CPUs: 12 total, 12 available
 Memory: 16068M
 Large Page Support: Disabled
 NUMA Support: Disabled
 Compressed Oops: Enabled (32-bit)
 Heap Min Capacity: 8M
 Heap Initial Capacity: 252M
 Heap Max Capacity: 1536M
 Pre-touch: Disabled
Heap:
 def new generation   total 77440K, used 47423K [0x00000000a0000000, 0x00000000a5400000, 0x00000000c0000000)
  eden space 68864K,  57% used [0x00000000a0000000, 0x00000000a26807b8, 0x00000000a4340000)
  from space 8576K,  93% used [0x00000000a4340000, 0x00000000a4b0f660, 0x00000000a4ba0000)
  to   space 8576K,   0% used [0x00000000a4ba0000, 0x00000000a4ba0000, 0x00000000a5400000)
 tenured generation   total 172032K, used 10087K [0x00000000c0000000, 0x00000000ca800000, 0x0000000100000000)
   the space 172032K,   5% used [0x00000000c0000000, 0x00000000c09d9ee8, 0x00000000c09da000, 0x00000000ca800000)
 Metaspace       used 16323K, committed 16832K, reserved 491520K
  class space    used 2287K, committed 2496K, reserved 425984K
GC Heap History (4 events):
Event: 2.878 GC heap before
{Heap before GC invocations=0 (full 0):
 def new generation   total 77440K, used 68864K [0x00000000a0000000, 0x00000000a5400000, 0x00000000c0000000)
  eden space 68864K, 100% used [0x00000000a0000000, 0x00000000a4340000, 0x00000000a4340000)
  from space 8576K,   0% used [0x00000000a4340000, 0x00000000a4340000, 0x00000000a4ba0000)
  to   space 8576K,   0% used [0x00000000a4ba0000, 0x00000000a4ba0000, 0x00000000a5400000)
 tenured generation   total 172032K, used 0K [0x00000000c0000000, 0x00000000ca800000, 0x0000000100000000)
   the space 172032K,   0% used [0x00000000c0000000, 0x00000000c0000000, 0x00000000c0000200, 0x00000000ca800000)
 Metaspace       used 4561K, committed 4800K, reserved 491520K
  class space    used 584K, committed 704K, reserved 425984K
}
Event: 2.898 GC heap after
{Heap after GC invocations=1 (full 0):
 def new generation   total 77440K, used 8575K [0x00000000a0000000, 0x00000000a5400000, 0x00000000c0000000)
  eden space 68864K,   0% used [0x00000000a0000000, 0x00000000a0000000, 0x00000000a4340000)
  from space 8576K,  99% used [0x00000000a4ba0000, 0x00000000a53ffff8, 0x00000000a5400000)
  to   space 8576K,   0% used [0x00000000a4340000, 0x00000000a4340000, 0x00000000a4ba0000)
 tenured generation   total 172032K, used 1620K [0x00000000c0000000, 0x00000000ca800000, 0x0000000100000000)
   the space 172032K,   0% used [0x00000000c0000000, 0x00000000c0195188, 0x00000000c0195200, 0x00000000ca800000)
 Metaspace       used 4561K, committed 4800K, reserved 491520K
  class space    used 584K, committed 704K, reserved 425984K
}
Event: 5.345 GC heap before
{Heap before GC invocations=1 (full 0):
 def new generation   total 77440K, used 77439K [0x00000000a0000000, 0x00000000a5400000, 0x00000000c0000000)
  eden space 68864K, 100% used [0x00000000a0000000, 0x00000000a4340000, 0x00000000a4340000)
  from space 8576K,  99% used [0x00000000a4ba0000, 0x00000000a53ffff8, 0x00000000a5400000)
  to   space 8576K,   0% used [0x00000000a4340000, 0x00000000a4340000, 0x00000000a4ba0000)
 tenured generation   total 172032K, used 1620K [0x00000000c0000000, 0x00000000ca800000, 0x0000000100000000)
   the space 172032K,   0% used [0x00000000c0000000, 0x00000000c0195188, 0x00000000c0195200, 0x00000000ca800000)
 Metaspace       used 10061K, committed 10368K, reserved 491520K
  class space    used 1373K, committed 1536K, reserved 425984K
}
Event: 5.386 GC heap after
{Heap after GC invocations=2 (full 0):
 def new generation   total 77440K, used 7997K [0x00000000a0000000, 0x00000000a5400000, 0x00000000c0000000)
  eden space 68864K,   0% used [0x00000000a0000000, 0x00000000a0000000, 0x00000000a4340000)
  from space 8576K,  93% used [0x00000000a4340000, 0x00000000a4b0f660, 0x00000000a4ba0000)
  to   space 8576K,   0% used [0x00000000a4ba0000, 0x00000000a4ba0000, 0x00000000a5400000)
 tenured generation   total 172032K, used 10087K [0x00000000c0000000, 0x00000000ca800000, 0x0000000100000000)
   the space 172032K,   5% used [0x00000000c0000000, 0x00000000c09d9ee8, 0x00000000c09da000, 0x00000000ca800000)
 Metaspace       used 10061K, committed 10368K, reserved 491520K
  class space    used 1373K, committed 1536K, reserved 425984K
}

