# JRE version: OpenJDK Runtime Environment Temurin-21.0.10+7 (21.0.10+7) (build 21.0.10+7-LTS)
# Java VM: OpenJDK 64-Bit Server VM Temurin-21.0.10+7 (21.0.10+7-LTS, mixed mode, sharing, tiered, compressed oops, compressed class ptrs, parallel gc, windows-amd64)
GC Precious Log:
 CardTable entry size: 512
 CPUs: 12 total, 12 available
 Memory: 16068M
 Large Page Support: Disabled
 NUMA Support: Disabled
 Compressed Oops: Enabled (32-bit)
 Alignments: Space 512K, Generation 512K, Heap 2M
 Heap Min Capacity: 100M
 Heap Initial Capacity: 100M
 Heap Max Capacity: 2G
 Pre-touch: Disabled
 Parallel Workers: 10
Heap:
 PSYoungGen      total 11264K, used 11136K [0x00000000d5580000, 0x00000000d6180000, 0x0000000100000000)
  eden space 10752K, 100% used [0x00000000d5580000,0x00000000d6000000,0x00000000d6000000)
  from space 512K, 75% used [0x00000000d6100000,0x00000000d6160000,0x00000000d6180000)
  to   space 512K, 91% used [0x00000000d6080000,0x00000000d60f5320,0x00000000d6100000)
 ParOldGen       total 228864K, used 228484K [0x0000000080000000, 0x000000008df80000, 0x00000000d5580000)
  object space 228864K, 99% used [0x0000000080000000,0x000000008df21150,0x000000008df80000)
 Metaspace       used 71154K, committed 72512K, reserved 1114112K
  class space    used 7844K, committed 8448K, reserved 1048576K
GC Heap History (20 events):
Event: 29.361 GC heap after
{Heap after GC invocations=285 (full 3):
 PSYoungGen      total 11264K, used 288K [0x00000000d5580000, 0x00000000d6180000, 0x0000000100000000)
  eden space 10752K, 0% used [0x00000000d5580000,0x00000000d5580000,0x00000000d6000000)
  from space 512K, 56% used [0x00000000d6100000,0x00000000d6148000,0x00000000d6180000)
  to   space 512K, 0% used [0x00000000d6080000,0x00000000d6080000,0x00000000d6100000)
 ParOldGen       total 220160K, used 219870K [0x0000000080000000, 0x000000008d700000, 0x00000000d5580000)
  object space 220160K, 99% used [0x0000000080000000,0x000000008d6b7bd0,0x000000008d700000)
 Metaspace       used 70829K, committed 72256K, reserved 1114112K
  class space    used 7812K, committed 8448K, reserved 1048576K
}
Event: 29.387 GC heap before
{Heap before GC invocations=286 (full 3):
 PSYoungGen      total 11264K, used 11040K [0x00000000d5580000, 0x00000000d6180000, 0x0000000100000000)
  eden space 10752K, 100% used [0x00000000d5580000,0x00000000d6000000,0x00000000d6000000)
  from space 512K, 56% used [0x00000000d6100000,0x00000000d6148000,0x00000000d6180000)
  to   space 512K, 0% used [0x00000000d6080000,0x00000000d6080000,0x00000000d6100000)
 ParOldGen       total 220160K, used 219870K [0x0000000080000000, 0x000000008d700000, 0x00000000d5580000)
  object space 220160K, 99% used [0x0000000080000000,0x000000008d6b7bd0,0x000000008d700000)
 Metaspace       used 70830K, committed 72256K, reserved 1114112K
  class space    used 7812K, committed 8448K, reserved 1048576K
}
Event: 29.390 GC heap after
{Heap after GC invocations=286 (full 3):
 PSYoungGen      total 11264K, used 404K [0x00000000d5580000, 0x00000000d6180000, 0x0000000100000000)
  eden space 10752K, 0% used [0x00000000d5580000,0x00000000d5580000,0x00000000d6000000)
  from space 512K, 79% used [0x00000000d6080000,0x00000000d60e5320,0x00000000d6100000)
  to   space 512K, 0% used [0x00000000d6100000,0x00000000d6100000,0x00000000d6180000)
 ParOldGen       total 221184K, used 220899K [0x0000000080000000, 0x000000008d800000, 0x00000000d5580000)
  object space 221184K, 99% used [0x0000000080000000,0x000000008d7b8e90,0x000000008d800000)
 Metaspace       used 70830K, committed 72256K, reserved 1114112K
  class space    used 7812K, committed 8448K, reserved 1048576K
}
Event: 29.409 GC heap before
{Heap before GC invocations=287 (full 3):
 PSYoungGen      total 11264K, used 11156K [0x00000000d5580000, 0x00000000d6180000, 0x0000000100000000)
  eden space 10752K, 100% used [0x00000000d5580000,0x00000000d6000000,0x00000000d6000000)
  from space 512K, 79% used [0x00000000d6080000,0x00000000d60e5320,0x00000000d6100000)
  to   space 512K, 0% used [0x00000000d6100000,0x00000000d6100000,0x00000000d6180000)
 ParOldGen       total 221184K, used 220899K [0x0000000080000000, 0x000000008d800000, 0x00000000d5580000)
  object space 221184K, 99% used [0x0000000080000000,0x000000008d7b8e90,0x000000008d800000)
 Metaspace       used 70830K, committed 72256K, reserved 1114112K
  class space    used 7812K, committed 8448K, reserved 1048576K
}
Event: 29.411 GC heap after
{Heap after GC invocations=287 (full 3):
 PSYoungGen      total 11264K, used 360K [0x00000000d5580000, 0x00000000d6180000, 0x0000000100000000)
  eden space 10752K, 0% used [0x00000000d5580000,0x00000000d5580000,0x00000000d6000000)
  from space 512K, 70% used [0x00000000d6100000,0x00000000d615a118,0x00000000d6180000)
  to   space 512K, 0% used [0x00000000d6080000,0x00000000d6080000,0x00000000d6100000)
 ParOldGen       total 221184K, used 221174K [0x0000000080000000, 0x000000008d800000, 0x00000000d5580000)
  object space 221184K, 99% used [0x0000000080000000,0x000000008d7fda48,0x000000008d800000)
 Metaspace       used 70830K, committed 72256K, reserved 1114112K
  class space    used 7812K, committed 8448K, reserved 1048576K
}
Event: 29.436 GC heap before
{Heap before GC invocations=288 (full 3):
 PSYoungGen      total 11264K, used 11112K [0x00000000d5580000, 0x00000000d6180000, 0x0000000100000000)
  eden space 10752K, 100% used [0x00000000d5580000,0x00000000d6000000,0x00000000d6000000)
  from space 512K, 70% used [0x00000000d6100000,0x00000000d615a118,0x00000000d6180000)
  to   space 512K, 0% used [0x00000000d6080000,0x00000000d6080000,0x00000000d6100000)
 ParOldGen       total 221184K, used 221174K [0x0000000080000000, 0x000000008d800000, 0x00000000d5580000)
  object space 221184K, 99% used [0x0000000080000000,0x000000008d7fda48,0x000000008d800000)
 Metaspace       used 70835K, committed 72256K, reserved 1114112K
  class space    used 7812K, committed 8448K, reserved 1048576K
}
Event: 29.439 GC heap after
{Heap after GC invocations=288 (full 3):
 PSYoungGen      total 11264K, used 418K [0x00000000d5580000, 0x00000000d6180000, 0x0000000100000000)
  eden space 10752K, 0% used [0x00000000d5580000,0x00000000d5580000,0x00000000d6000000)
  from space 512K, 81% used [0x00000000d6080000,0x00000000d60e8b48,0x00000000d6100000)
  to   space 512K, 0% used [0x00000000d6100000,0x00000000d6100000,0x00000000d6180000)
 ParOldGen       total 221696K, used 221294K [0x0000000080000000, 0x000000008d880000, 0x00000000d5580000)
  object space 221696K, 99% used [0x0000000080000000,0x000000008d81ba48,0x000000008d880000)
 Metaspace       used 70835K, committed 72256K, reserved 1114112K
  class space    used 7812K, committed 8448K, reserved 1048576K
}
Event: 29.459 GC heap before
{Heap before GC invocations=289 (full 3):
 PSYoungGen      total 11264K, used 11170K [0x00000000d5580000, 0x00000000d6180000, 0x0000000100000000)
  eden space 10752K, 100% used [0x00000000d5580000,0x00000000d6000000,0x00000000d6000000)
  from space 512K, 81% used [0x00000000d6080000,0x00000000d60e8b48,0x00000000d6100000)
  to   space 512K, 0% used [0x00000000d6100000,0x00000000d6100000,0x00000000d6180000)
 ParOldGen       total 221696K, used 221294K [0x0000000080000000, 0x000000008d880000, 0x00000000d5580000)
  object space 221696K, 99% used [0x0000000080000000,0x000000008d81ba48,0x000000008d880000)
 Metaspace       used 70838K, committed 72256K, reserved 1114112K
  class space    used 7812K, committed 8448K, reserved 1048576K
}
Event: 29.462 GC heap after
{Heap after GC invocations=289 (full 3):
 PSYoungGen      total 11264K, used 352K [0x00000000d5580000, 0x00000000d6180000, 0x0000000100000000)
  eden space 10752K, 0% used [0x00000000d5580000,0x00000000d5580000,0x00000000d6000000)
  from space 512K, 68% used [0x00000000d6100000,0x00000000d6158000,0x00000000d6180000)
  to   space 512K, 0% used [0x00000000d6080000,0x00000000d6080000,0x00000000d6100000)
 ParOldGen       total 221696K, used 221478K [0x0000000080000000, 0x000000008d880000, 0x00000000d5580000)
  object space 221696K, 99% used [0x0000000080000000,0x000000008d849a48,0x000000008d880000)
 Metaspace       used 70838K, committed 72256K, reserved 1114112K
  class space    used 7812K, committed 8448K, reserved 1048576K
}
Event: 29.473 GC heap before
{Heap before GC invocations=290 (full 3):
 PSYoungGen      total 11264K, used 11104K [0x00000000d5580000, 0x00000000d6180000, 0x0000000100000000)
  eden space 10752K, 100% used [0x00000000d5580000,0x00000000d6000000,0x00000000d6000000)
  from space 512K, 68% used [0x00000000d6100000,0x00000000d6158000,0x00000000d6180000)
  to   space 512K, 0% used [0x00000000d6080000,0x00000000d6080000,0x00000000d6100000)
 ParOldGen       total 221696K, used 221478K [0x0000000080000000, 0x000000008d880000, 0x00000000d5580000)
  object space 221696K, 99% used [0x0000000080000000,0x000000008d849a48,0x000000008d880000)
 Metaspace       used 70839K, committed 72256K, reserved 1114112K
  class space    used 7812K, committed 8448K, reserved 1048576K
}
Event: 29.483 GC heap after
{Heap after GC invocations=290 (full 3):
 PSYoungGen      total 11264K, used 288K [0x00000000d5580000, 0x00000000d6180000, 0x0000000100000000)
  eden space 10752K, 0% used [0x00000000d5580000,0x00000000d5580000,0x00000000d6000000)
  from space 512K, 56% used [0x00000000d6080000,0x00000000d60c8000,0x00000000d6100000)
  to   space 512K, 0% used [0x00000000d6100000,0x00000000d6100000,0x00000000d6180000)
 ParOldGen       total 227840K, used 227746K [0x0000000080000000, 0x000000008de80000, 0x00000000d5580000)
  object space 227840K, 99% used [0x0000000080000000,0x000000008de68850,0x000000008de80000)
 Metaspace       used 70839K, committed 72256K, reserved 1114112K
  class space    used 7812K, committed 8448K, reserved 1048576K
}
Event: 29.515 GC heap before
{Heap before GC invocations=291 (full 3):
 PSYoungGen      total 11264K, used 11040K [0x00000000d5580000, 0x00000000d6180000, 0x0000000100000000)
  eden space 10752K, 100% used [0x00000000d5580000,0x00000000d6000000,0x00000000d6000000)
  from space 512K, 56% used [0x00000000d6080000,0x00000000d60c8000,0x00000000d6100000)
  to   space 512K, 0% used [0x00000000d6100000,0x00000000d6100000,0x00000000d6180000)
 ParOldGen       total 227840K, used 227746K [0x0000000080000000, 0x000000008de80000, 0x00000000d5580000)
  object space 227840K, 99% used [0x0000000080000000,0x000000008de68850,0x000000008de80000)
 Metaspace       used 70896K, committed 72320K, reserved 1114112K
  class space    used 7819K, committed 8448K, reserved 1048576K
}
Event: 29.519 GC heap after
{Heap after GC invocations=291 (full 3):
 PSYoungGen      total 11264K, used 348K [0x00000000d5580000, 0x00000000d6180000, 0x0000000100000000)
  eden space 10752K, 0% used [0x00000000d5580000,0x00000000d5580000,0x00000000d6000000)
  from space 512K, 68% used [0x00000000d6100000,0x00000000d6157308,0x00000000d6180000)
  to   space 512K, 0% used [0x00000000d6080000,0x00000000d6080000,0x00000000d6100000)
 ParOldGen       total 228352K, used 227874K [0x0000000080000000, 0x000000008df00000, 0x00000000d5580000)
  object space 228352K, 99% used [0x0000000080000000,0x000000008de88850,0x000000008df00000)
 Metaspace       used 70896K, committed 72320K, reserved 1114112K
  class space    used 7819K, committed 8448K, reserved 1048576K
}
Event: 29.537 GC heap before
{Heap before GC invocations=292 (full 3):
 PSYoungGen      total 11264K, used 11100K [0x00000000d5580000, 0x00000000d6180000, 0x0000000100000000)
  eden space 10752K, 100% used [0x00000000d5580000,0x00000000d6000000,0x00000000d6000000)
  from space 512K, 68% used [0x00000000d6100000,0x00000000d6157308,0x00000000d6180000)
  to   space 512K, 0% used [0x00000000d6080000,0x00000000d6080000,0x00000000d6100000)
 ParOldGen       total 228352K, used 227874K [0x0000000080000000, 0x000000008df00000, 0x00000000d5580000)
  object space 228352K, 99% used [0x0000000080000000,0x000000008de88850,0x000000008df00000)
 Metaspace       used 70964K, committed 72384K, reserved 1114112K
  class space    used 7825K, committed 8448K, reserved 1048576K
}
Event: 29.540 GC heap after
{Heap after GC invocations=292 (full 3):
 PSYoungGen      total 11264K, used 320K [0x00000000d5580000, 0x00000000d6180000, 0x0000000100000000)
  eden space 10752K, 0% used [0x00000000d5580000,0x00000000d5580000,0x00000000d6000000)
  from space 512K, 62% used [0x00000000d6080000,0x00000000d60d0000,0x00000000d6100000)
  to   space 512K, 0% used [0x00000000d6100000,0x00000000d6100000,0x00000000d6180000)
 ParOldGen       total 228352K, used 228100K [0x0000000080000000, 0x000000008df00000, 0x00000000d5580000)
  object space 228352K, 99% used [0x0000000080000000,0x000000008dec1150,0x000000008df00000)
 Metaspace       used 70964K, committed 72384K, reserved 1114112K
  class space    used 7825K, committed 8448K, reserved 1048576K
}
Event: 29.567 GC heap before
{Heap before GC invocations=293 (full 3):
 PSYoungGen      total 11264K, used 11072K [0x00000000d5580000, 0x00000000d6180000, 0x0000000100000000)
  eden space 10752K, 100% used [0x00000000d5580000,0x00000000d6000000,0x00000000d6000000)
  from space 512K, 62% used [0x00000000d6080000,0x00000000d60d0000,0x00000000d6100000)
  to   space 512K, 0% used [0x00000000d6100000,0x00000000d6100000,0x00000000d6180000)
 ParOldGen       total 228352K, used 228100K [0x0000000080000000, 0x000000008df00000, 0x00000000d5580000)
  object space 228352K, 99% used [0x0000000080000000,0x000000008dec1150,0x000000008df00000)
 Metaspace       used 71096K, committed 72448K, reserved 1114112K
  class space    used 7836K, committed 8448K, reserved 1048576K
}
Event: 29.570 GC heap after
{Heap after GC invocations=293 (full 3):
 PSYoungGen      total 11264K, used 384K [0x00000000d5580000, 0x00000000d6180000, 0x0000000100000000)
  eden space 10752K, 0% used [0x00000000d5580000,0x00000000d5580000,0x00000000d6000000)
  from space 512K, 75% used [0x00000000d6100000,0x00000000d6160000,0x00000000d6180000)
  to   space 512K, 0% used [0x00000000d6080000,0x00000000d6080000,0x00000000d6100000)
 ParOldGen       total 228352K, used 228308K [0x0000000080000000, 0x000000008df00000, 0x00000000d5580000)
  object space 228352K, 99% used [0x0000000080000000,0x000000008def5150,0x000000008df00000)
 Metaspace       used 71096K, committed 72448K, reserved 1114112K
  class space    used 7836K, committed 8448K, reserved 1048576K
}
Event: 29.597 GC heap before
{Heap before GC invocations=294 (full 3):
 PSYoungGen      total 11264K, used 11136K [0x00000000d5580000, 0x00000000d6180000, 0x0000000100000000)
  eden space 10752K, 100% used [0x00000000d5580000,0x00000000d6000000,0x00000000d6000000)
  from space 512K, 75% used [0x00000000d6100000,0x00000000d6160000,0x00000000d6180000)
  to   space 512K, 0% used [0x00000000d6080000,0x00000000d6080000,0x00000000d6100000)
 ParOldGen       total 228352K, used 228308K [0x0000000080000000, 0x000000008df00000, 0x00000000d5580000)
  object space 228352K, 99% used [0x0000000080000000,0x000000008def5150,0x000000008df00000)
 Metaspace       used 71154K, committed 72512K, reserved 1114112K
  class space    used 7844K, committed 8448K, reserved 1048576K
}
Event: 29.602 GC heap after
{Heap after GC invocations=294 (full 3):
 PSYoungGen      total 11264K, used 11136K [0x00000000d5580000, 0x00000000d6180000, 0x0000000100000000)
  eden space 10752K, 100% used [0x00000000d5580000,0x00000000d6000000,0x00000000d6000000)
  from space 512K, 75% used [0x00000000d6100000,0x00000000d6160000,0x00000000d6180000)
  to   space 512K, 91% used [0x00000000d6080000,0x00000000d60f5320,0x00000000d6100000)
 ParOldGen       total 228864K, used 228484K [0x0000000080000000, 0x000000008df80000, 0x00000000d5580000)
  object space 228864K, 99% used [0x0000000080000000,0x000000008df21150,0x000000008df80000)
 Metaspace       used 71154K, committed 72512K, reserved 1114112K
  class space    used 7844K, committed 8448K, reserved 1048576K
}
Event: 29.602 GC heap before
{Heap before GC invocations=295 (full 4):
 PSYoungGen      total 11264K, used 11136K [0x00000000d5580000, 0x00000000d6180000, 0x0000000100000000)
  eden space 10752K, 100% used [0x00000000d5580000,0x00000000d6000000,0x00000000d6000000)
  from space 512K, 75% used [0x00000000d6100000,0x00000000d6160000,0x00000000d6180000)
  to   space 512K, 91% used [0x00000000d6080000,0x00000000d60f5320,0x00000000d6100000)
 ParOldGen       total 228864K, used 228484K [0x0000000080000000, 0x000000008df80000, 0x00000000d5580000)
  object space 228864K, 99% used [0x0000000080000000,0x000000008df21150,0x000000008df80000)
 Metaspace       used 71154K, committed 72512K, reserved 1114112K
  class space    used 7844K, committed 8448K, reserved 1048576K
}

