# JRE version: OpenJDK Runtime Environment Temurin-21.0.10+7 (21.0.10+7) (build 21.0.10+7-LTS)
# Java VM: OpenJDK 64-Bit Server VM Temurin-21.0.10+7 (21.0.10+7-LTS, mixed mode, sharing, tiered, compressed oops, compressed class ptrs, g1 gc, windows-amd64)
GC Precious Log:
 CardTable entry size: 512
 Card Set container configuration: InlinePtr #cards 5 size 8 Array Of Cards #cards 12 size 40 Howl #buckets 4 coarsen threshold 1843 Howl Bitmap #cards 512 size 80 coarsen threshold 460 Card regions per heap region 1 cards per card region 2048
 CPUs: 12 total, 12 available
 Memory: 16068M
 Large Page Support: Disabled
 NUMA Support: Disabled
 Compressed Oops: Enabled (32-bit)
 Heap Region Size: 1M
 Heap Min Capacity: 256M
 Heap Initial Capacity: 256M
 Heap Max Capacity: 512M
 Pre-touch: Disabled
 Parallel Workers: 10
 Concurrent Workers: 3
 Concurrent Refinement Workers: 10
 Periodic GC: Disabled
Heap:
 garbage-first heap   total 262144K, used 209287K [0x00000000e0000000, 0x0000000100000000)
  region size 1024K, 152 young (155648K), 3 survivors (3072K)
 Metaspace       used 69582K, committed 71808K, reserved 393216K
  class space    used 10259K, committed 11328K, reserved 327680K
GC Heap History (20 events):
Event: 0.425 GC heap before
{Heap before GC invocations=0 (full 0):
 garbage-first heap   total 262144K, used 22528K [0x00000000e0000000, 0x0000000100000000)
  region size 1024K, 23 young (23552K), 0 survivors (0K)
 Metaspace       used 929K, committed 1088K, reserved 393216K
  class space    used 73K, committed 128K, reserved 327680K
}
Event: 0.428 GC heap after
{Heap after GC invocations=1 (full 0):
 garbage-first heap   total 262144K, used 1557K [0x00000000e0000000, 0x0000000100000000)
  region size 1024K, 2 young (2048K), 2 survivors (2048K)
 Metaspace       used 929K, committed 1088K, reserved 393216K
  class space    used 73K, committed 128K, reserved 327680K
}
Event: 1.003 GC heap before
{Heap before GC invocations=1 (full 0):
 garbage-first heap   total 262144K, used 40469K [0x00000000e0000000, 0x0000000100000000)
  region size 1024K, 38 young (38912K), 2 survivors (2048K)
 Metaspace       used 4513K, committed 4736K, reserved 393216K
  class space    used 584K, committed 704K, reserved 327680K
}
Event: 1.008 GC heap after
{Heap after GC invocations=2 (full 0):
 garbage-first heap   total 262144K, used 10493K [0x00000000e0000000, 0x0000000100000000)
  region size 1024K, 5 young (5120K), 5 survivors (5120K)
 Metaspace       used 4513K, committed 4736K, reserved 393216K
  class space    used 584K, committed 704K, reserved 327680K
}
Event: 1.530 GC heap before
{Heap before GC invocations=2 (full 0):
 garbage-first heap   total 262144K, used 62717K [0x00000000e0000000, 0x0000000100000000)
  region size 1024K, 54 young (55296K), 5 survivors (5120K)
 Metaspace       used 5645K, committed 5824K, reserved 393216K
  class space    used 768K, committed 832K, reserved 327680K
}
Event: 1.537 GC heap after
{Heap after GC invocations=3 (full 0):
 garbage-first heap   total 262144K, used 16711K [0x00000000e0000000, 0x0000000100000000)
  region size 1024K, 5 young (5120K), 5 survivors (5120K)
 Metaspace       used 5645K, committed 5824K, reserved 393216K
  class space    used 768K, committed 832K, reserved 327680K
}
Event: 3.230 GC heap before
{Heap before GC invocations=3 (full 0):
 garbage-first heap   total 262144K, used 104775K [0x00000000e0000000, 0x0000000100000000)
  region size 1024K, 91 young (93184K), 5 survivors (5120K)
 Metaspace       used 20896K, committed 21504K, reserved 393216K
  class space    used 2929K, committed 3200K, reserved 327680K
}
Event: 3.238 GC heap after
{Heap after GC invocations=4 (full 0):
 garbage-first heap   total 262144K, used 23171K [0x00000000e0000000, 0x0000000100000000)
  region size 1024K, 12 young (12288K), 12 survivors (12288K)
 Metaspace       used 20896K, committed 21504K, reserved 393216K
  class space    used 2929K, committed 3200K, reserved 327680K
}
Event: 5.548 GC heap before
{Heap before GC invocations=5 (full 0):
 garbage-first heap   total 262144K, used 126595K [0x00000000e0000000, 0x0000000100000000)
  region size 1024K, 115 young (117760K), 12 survivors (12288K)
 Metaspace       used 34662K, committed 35968K, reserved 393216K
  class space    used 5060K, committed 5696K, reserved 327680K
}
Event: 5.562 GC heap after
{Heap after GC invocations=6 (full 0):
 garbage-first heap   total 262144K, used 30633K [0x00000000e0000000, 0x0000000100000000)
  region size 1024K, 14 young (14336K), 14 survivors (14336K)
 Metaspace       used 34662K, committed 35968K, reserved 393216K
  class space    used 5060K, committed 5696K, reserved 327680K
}
Event: 5.602 GC heap before
{Heap before GC invocations=6 (full 0):
 garbage-first heap   total 262144K, used 31657K [0x00000000e0000000, 0x0000000100000000)
  region size 1024K, 16 young (16384K), 14 survivors (14336K)
 Metaspace       used 34932K, committed 36288K, reserved 393216K
  class space    used 5074K, committed 5760K, reserved 327680K
}
Event: 5.613 GC heap after
{Heap after GC invocations=7 (full 0):
 garbage-first heap   total 262144K, used 30768K [0x00000000e0000000, 0x0000000100000000)
  region size 1024K, 8 young (8192K), 8 survivors (8192K)
 Metaspace       used 34932K, committed 36288K, reserved 393216K
  class space    used 5074K, committed 5760K, reserved 327680K
}
Event: 5.679 GC heap before
{Heap before GC invocations=7 (full 0):
 garbage-first heap   total 262144K, used 32816K [0x00000000e0000000, 0x0000000100000000)
  region size 1024K, 11 young (11264K), 8 survivors (8192K)
 Metaspace       used 35221K, committed 36608K, reserved 393216K
  class space    used 5115K, committed 5824K, reserved 327680K
}
Event: 5.686 GC heap after
{Heap after GC invocations=8 (full 0):
 garbage-first heap   total 262144K, used 30850K [0x00000000e0000000, 0x0000000100000000)
  region size 1024K, 8 young (8192K), 8 survivors (8192K)
 Metaspace       used 35221K, committed 36608K, reserved 393216K
  class space    used 5115K, committed 5824K, reserved 327680K
}
Event: 8.607 GC heap before
{Heap before GC invocations=9 (full 0):
 garbage-first heap   total 262144K, used 179330K [0x00000000e0000000, 0x0000000100000000)
  region size 1024K, 153 young (156672K), 8 survivors (8192K)
 Metaspace       used 49872K, committed 51648K, reserved 393216K
  class space    used 7368K, committed 8256K, reserved 327680K
}
Event: 8.617 GC heap after
{Heap after GC invocations=10 (full 0):
 garbage-first heap   total 262144K, used 39666K [0x00000000e0000000, 0x0000000100000000)
  region size 1024K, 17 young (17408K), 17 survivors (17408K)
 Metaspace       used 49872K, committed 51648K, reserved 393216K
  class space    used 7368K, committed 8256K, reserved 327680K
}
Event: 11.139 GC heap before
{Heap before GC invocations=10 (full 0):
 garbage-first heap   total 262144K, used 172786K [0x00000000e0000000, 0x0000000100000000)
  region size 1024K, 143 young (146432K), 17 survivors (17408K)
 Metaspace       used 59129K, committed 61120K, reserved 393216K
  class space    used 8667K, committed 9664K, reserved 327680K
}
Event: 11.151 GC heap after
{Heap after GC invocations=11 (full 0):
 garbage-first heap   total 262144K, used 54985K [0x00000000e0000000, 0x0000000100000000)
  region size 1024K, 20 young (20480K), 20 survivors (20480K)
 Metaspace       used 59129K, committed 61120K, reserved 393216K
  class space    used 8667K, committed 9664K, reserved 327680K
}
Event: 11.246 GC heap before
{Heap before GC invocations=11 (full 0):
 garbage-first heap   total 262144K, used 59081K [0x00000000e0000000, 0x0000000100000000)
  region size 1024K, 25 young (25600K), 20 survivors (20480K)
 Metaspace       used 59466K, committed 61440K, reserved 393216K
  class space    used 8740K, committed 9728K, reserved 327680K
}
Event: 11.258 GC heap after
{Heap after GC invocations=12 (full 0):
 garbage-first heap   total 262144K, used 57735K [0x00000000e0000000, 0x0000000100000000)
  region size 1024K, 3 young (3072K), 3 survivors (3072K)
 Metaspace       used 59466K, committed 61440K, reserved 393216K
  class space    used 8740K, committed 9728K, reserved 327680K
}

