# JRE version: OpenJDK Runtime Environment Temurin-21.0.10+7 (21.0.10+7) (build 21.0.10+7-LTS)
# Java VM: OpenJDK 64-Bit Server VM Temurin-21.0.10+7 (21.0.10+7-LTS, mixed mode, sharing, tiered, compressed oops, compressed class ptrs, g1 gc, windows-amd64)
GC Precious Log:
 CardTable entry size: 512
 Card Set container configuration: InlinePtr #cards 5 size 8 Array Of Cards #cards 12 size 40 Howl #buckets 4 coarsen threshold 1843 Howl Bitmap #cards 512 size 80 coarsen threshold 460 Card regions per heap region 1 cards per card region 2048
 CPUs: 12 total, 12 available
 Memory: 16068M
 Large Page Support: Disabled
 NUMA Support: Disabled
 Compressed Oops: Enabled (32-bit)
 Heap Region Size: 1M
 Heap Min Capacity: 256M
 Heap Initial Capacity: 256M
 Heap Max Capacity: 512M
 Pre-touch: Disabled
 Parallel Workers: 10
 Concurrent Workers: 3
 Concurrent Refinement Workers: 10
 Periodic GC: Disabled
Heap:
 garbage-first heap   total 262144K, used 117456K [0x00000000e0000000, 0x0000000100000000)
  region size 1024K, 94 young (96256K), 9 survivors (9216K)
 Metaspace       used 42315K, committed 43968K, reserved 393216K
  class space    used 6257K, committed 7040K, reserved 327680K
GC Heap History (14 events):
Event: 3.080 GC heap before
{Heap before GC invocations=0 (full 0):
 garbage-first heap   total 262144K, used 22528K [0x00000000e0000000, 0x0000000100000000)
  region size 1024K, 23 young (23552K), 0 survivors (0K)
 Metaspace       used 945K, committed 1088K, reserved 393216K
  class space    used 73K, committed 128K, reserved 327680K
}
Event: 3.201 GC heap after
{Heap after GC invocations=1 (full 0):
 garbage-first heap   total 262144K, used 1450K [0x00000000e0000000, 0x0000000100000000)
  region size 1024K, 2 young (2048K), 2 survivors (2048K)
 Metaspace       used 945K, committed 1088K, reserved 393216K
  class space    used 73K, committed 128K, reserved 327680K
}
Event: 8.447 GC heap before
{Heap before GC invocations=1 (full 0):
 garbage-first heap   total 262144K, used 40362K [0x00000000e0000000, 0x0000000100000000)
  region size 1024K, 38 young (38912K), 2 survivors (2048K)
 Metaspace       used 4548K, committed 4736K, reserved 393216K
  class space    used 584K, committed 704K, reserved 327680K
}
Event: 8.462 GC heap after
{Heap after GC invocations=2 (full 0):
 garbage-first heap   total 262144K, used 10566K [0x00000000e0000000, 0x0000000100000000)
  region size 1024K, 5 young (5120K), 5 survivors (5120K)
 Metaspace       used 4548K, committed 4736K, reserved 393216K
  class space    used 584K, committed 704K, reserved 327680K
}
Event: 11.965 GC heap before
{Heap before GC invocations=2 (full 0):
 garbage-first heap   total 262144K, used 60742K [0x00000000e0000000, 0x0000000100000000)
  region size 1024K, 52 young (53248K), 5 survivors (5120K)
 Metaspace       used 5261K, committed 5504K, reserved 393216K
  class space    used 702K, committed 832K, reserved 327680K
}
Event: 11.980 GC heap after
{Heap after GC invocations=3 (full 0):
 garbage-first heap   total 262144K, used 16509K [0x00000000e0000000, 0x0000000100000000)
  region size 1024K, 5 young (5120K), 5 survivors (5120K)
 Metaspace       used 5261K, committed 5504K, reserved 393216K
  class space    used 702K, committed 832K, reserved 327680K
}
Event: 20.742 GC heap before
{Heap before GC invocations=3 (full 0):
 garbage-first heap   total 262144K, used 107645K [0x00000000e0000000, 0x0000000100000000)
  region size 1024K, 93 young (95232K), 5 survivors (5120K)
 Metaspace       used 20927K, committed 21504K, reserved 393216K
  class space    used 2923K, committed 3200K, reserved 327680K
}
Event: 20.764 GC heap after
{Heap after GC invocations=4 (full 0):
 garbage-first heap   total 262144K, used 23240K [0x00000000e0000000, 0x0000000100000000)
  region size 1024K, 12 young (12288K), 12 survivors (12288K)
 Metaspace       used 20927K, committed 21504K, reserved 393216K
  class space    used 2923K, committed 3200K, reserved 327680K
}
Event: 27.179 GC heap before
{Heap before GC invocations=5 (full 0):
 garbage-first heap   total 262144K, used 128712K [0x00000000e0000000, 0x0000000100000000)
  region size 1024K, 117 young (119808K), 12 survivors (12288K)
 Metaspace       used 34657K, committed 35968K, reserved 393216K
  class space    used 5064K, committed 5696K, reserved 327680K
}
Event: 27.204 GC heap after
{Heap after GC invocations=6 (full 0):
 garbage-first heap   total 262144K, used 30810K [0x00000000e0000000, 0x0000000100000000)
  region size 1024K, 14 young (14336K), 14 survivors (14336K)
 Metaspace       used 34657K, committed 35968K, reserved 393216K
  class space    used 5064K, committed 5696K, reserved 327680K
}
Event: 27.270 GC heap before
{Heap before GC invocations=6 (full 0):
 garbage-first heap   total 262144K, used 31834K [0x00000000e0000000, 0x0000000100000000)
  region size 1024K, 16 young (16384K), 14 survivors (14336K)
 Metaspace       used 34940K, committed 36288K, reserved 393216K
  class space    used 5077K, committed 5760K, reserved 327680K
}
Event: 27.287 GC heap after
{Heap after GC invocations=7 (full 0):
 garbage-first heap   total 262144K, used 31274K [0x00000000e0000000, 0x0000000100000000)
  region size 1024K, 8 young (8192K), 8 survivors (8192K)
 Metaspace       used 34940K, committed 36288K, reserved 393216K
  class space    used 5077K, committed 5760K, reserved 327680K
}
Event: 27.387 GC heap before
{Heap before GC invocations=7 (full 0):
 garbage-first heap   total 262144K, used 32298K [0x00000000e0000000, 0x0000000100000000)
  region size 1024K, 10 young (10240K), 8 survivors (8192K)
 Metaspace       used 35235K, committed 36608K, reserved 393216K
  class space    used 5112K, committed 5824K, reserved 327680K
}
Event: 27.396 GC heap after
{Heap after GC invocations=8 (full 0):
 garbage-first heap   total 262144K, used 31440K [0x00000000e0000000, 0x0000000100000000)
  region size 1024K, 9 young (9216K), 9 survivors (9216K)
 Metaspace       used 35235K, committed 36608K, reserved 393216K
  class space    used 5112K, committed 5824K, reserved 327680K
}

