# JRE version: OpenJDK Runtime Environment Temurin-17.0.18+8 (17.0.18+8) (build 17.0.18+8)
# Java VM: OpenJDK 64-Bit Server VM Temurin-17.0.18+8 (17.0.18+8, mixed mode, sharing, tiered, compressed oops, compressed class ptrs, serial gc, windows-amd64)
GC Precious Log:
 CPUs: 12 total, 12 available
 Memory: 16068M
 Large Page Support: Disabled
 NUMA Support: Disabled
 Compressed Oops: Enabled (32-bit)
 Heap Min Capacity: 8M
 Heap Initial Capacity: 252M
 Heap Max Capacity: 1536M
 Pre-touch: Disabled
Heap:
 def new generation   total 77440K, used 54487K [0x00000000a0000000, 0x00000000a5400000, 0x00000000c0000000)
  eden space 68864K,  67% used [0x00000000a0000000, 0x00000000a2da6778, 0x00000000a4340000)
  from space 8576K,  90% used [0x00000000a4340000, 0x00000000a4acf660, 0x00000000a4ba0000)
  to   space 8576K,   0% used [0x00000000a4ba0000, 0x00000000a4ba0000, 0x00000000a5400000)
 tenured generation   total 172032K, used 10228K [0x00000000c0000000, 0x00000000ca800000, 0x0000000100000000)
   the space 172032K,   5% used [0x00000000c0000000, 0x00000000c09fd198, 0x00000000c09fd200, 0x00000000ca800000)
 Metaspace       used 16783K, committed 17088K, reserved 491520K
  class space    used 2348K, committed 2496K, reserved 425984K
GC Heap History (4 events):
Event: 1.679 GC heap before
{Heap before GC invocations=0 (full 0):
 def new generation   total 77440K, used 68864K [0x00000000a0000000, 0x00000000a5400000, 0x00000000c0000000)
  eden space 68864K, 100% used [0x00000000a0000000, 0x00000000a4340000, 0x00000000a4340000)
  from space 8576K,   0% used [0x00000000a4340000, 0x00000000a4340000, 0x00000000a4ba0000)
  to   space 8576K,   0% used [0x00000000a4ba0000, 0x00000000a4ba0000, 0x00000000a5400000)
 tenured generation   total 172032K, used 0K [0x00000000c0000000, 0x00000000ca800000, 0x0000000100000000)
   the space 172032K,   0% used [0x00000000c0000000, 0x00000000c0000000, 0x00000000c0000200, 0x00000000ca800000)
 Metaspace       used 4538K, committed 4672K, reserved 491520K
  class space    used 571K, committed 640K, reserved 425984K
}
Event: 1.688 GC heap after
{Heap after GC invocations=1 (full 0):
 def new generation   total 77440K, used 8576K [0x00000000a0000000, 0x00000000a5400000, 0x00000000c0000000)
  eden space 68864K,   0% used [0x00000000a0000000, 0x00000000a0000000, 0x00000000a4340000)
  from space 8576K, 100% used [0x00000000a4ba0000, 0x00000000a5400000, 0x00000000a5400000)
  to   space 8576K,   0% used [0x00000000a4340000, 0x00000000a4340000, 0x00000000a4ba0000)
 tenured generation   total 172032K, used 1776K [0x00000000c0000000, 0x00000000ca800000, 0x0000000100000000)
   the space 172032K,   1% used [0x00000000c0000000, 0x00000000c01bc190, 0x00000000c01bc200, 0x00000000ca800000)
 Metaspace       used 4538K, committed 4672K, reserved 491520K
  class space    used 571K, committed 640K, reserved 425984K
}
Event: 2.688 GC heap before
{Heap before GC invocations=1 (full 0):
 def new generation   total 77440K, used 77440K [0x00000000a0000000, 0x00000000a5400000, 0x00000000c0000000)
  eden space 68864K, 100% used [0x00000000a0000000, 0x00000000a4340000, 0x00000000a4340000)
  from space 8576K, 100% used [0x00000000a4ba0000, 0x00000000a5400000, 0x00000000a5400000)
  to   space 8576K,   0% used [0x00000000a4340000, 0x00000000a4340000, 0x00000000a4ba0000)
 tenured generation   total 172032K, used 1776K [0x00000000c0000000, 0x00000000ca800000, 0x0000000100000000)
   the space 172032K,   1% used [0x00000000c0000000, 0x00000000c01bc190, 0x00000000c01bc200, 0x00000000ca800000)
 Metaspace       used 9859K, committed 10112K, reserved 491520K
  class space    used 1315K, committed 1472K, reserved 425984K
}
Event: 2.705 GC heap after
{Heap after GC invocations=2 (full 0):
 def new generation   total 77440K, used 7741K [0x00000000a0000000, 0x00000000a5400000, 0x00000000c0000000)
  eden space 68864K,   0% used [0x00000000a0000000, 0x00000000a0000000, 0x00000000a4340000)
  from space 8576K,  90% used [0x00000000a4340000, 0x00000000a4acf660, 0x00000000a4ba0000)
  to   space 8576K,   0% used [0x00000000a4ba0000, 0x00000000a4ba0000, 0x00000000a5400000)
 tenured generation   total 172032K, used 10228K [0x00000000c0000000, 0x00000000ca800000, 0x0000000100000000)
   the space 172032K,   5% used [0x00000000c0000000, 0x00000000c09fd198, 0x00000000c09fd200, 0x00000000ca800000)
 Metaspace       used 9859K, committed 10112K, reserved 491520K
  class space    used 1315K, committed 1472K, reserved 425984K
}

