# JRE version: OpenJDK Runtime Environment Temurin-21.0.10+7 (21.0.10+7) (build 21.0.10+7-LTS)
# Java VM: OpenJDK 64-Bit Server VM Temurin-21.0.10+7 (21.0.10+7-LTS, mixed mode, sharing, tiered, compressed oops, compressed class ptrs, g1 gc, windows-amd64)
GC Precious Log:
 CardTable entry size: 512
 Card Set container configuration: InlinePtr #cards 5 size 8 Array Of Cards #cards 12 size 40 Howl #buckets 4 coarsen threshold 1843 Howl Bitmap #cards 512 size 80 coarsen threshold 460 Card regions per heap region 1 cards per card region 2048
 CPUs: 12 total, 12 available
 Memory: 16068M
 Large Page Support: Disabled
 NUMA Support: Disabled
 Compressed Oops: Enabled (32-bit)
 Heap Region Size: 1M
 Heap Min Capacity: 256M
 Heap Initial Capacity: 256M
 Heap Max Capacity: 512M
 Pre-touch: Disabled
 Parallel Workers: 10
 Concurrent Workers: 3
 Concurrent Refinement Workers: 10
 Periodic GC: Disabled
Heap:
 garbage-first heap   total 262144K, used 65012K [0x00000000e0000000, 0x0000000100000000)
  region size 1024K, 43 young (44032K), 17 survivors (17408K)
 Metaspace       used 52439K, committed 54336K, reserved 393216K
  class space    used 7784K, committed 8704K, reserved 327680K
GC Heap History (16 events):
Event: 0.782 GC heap before
{Heap before GC invocations=0 (full 0):
 garbage-first heap   total 262144K, used 22528K [0x00000000e0000000, 0x0000000100000000)
  region size 1024K, 23 young (23552K), 0 survivors (0K)
 Metaspace       used 927K, committed 1088K, reserved 393216K
  class space    used 73K, committed 128K, reserved 327680K
}
Event: 0.786 GC heap after
{Heap after GC invocations=1 (full 0):
 garbage-first heap   total 262144K, used 1557K [0x00000000e0000000, 0x0000000100000000)
  region size 1024K, 2 young (2048K), 2 survivors (2048K)
 Metaspace       used 927K, committed 1088K, reserved 393216K
  class space    used 73K, committed 128K, reserved 327680K
}
Event: 2.106 GC heap before
{Heap before GC invocations=1 (full 0):
 garbage-first heap   total 262144K, used 41493K [0x00000000e0000000, 0x0000000100000000)
  region size 1024K, 38 young (38912K), 2 survivors (2048K)
 Metaspace       used 4558K, committed 4800K, reserved 393216K
  class space    used 583K, committed 704K, reserved 327680K
}
Event: 2.113 GC heap after
{Heap after GC invocations=2 (full 0):
 garbage-first heap   total 262144K, used 10987K [0x00000000e0000000, 0x0000000100000000)
  region size 1024K, 5 young (5120K), 5 survivors (5120K)
 Metaspace       used 4558K, committed 4800K, reserved 393216K
  class space    used 583K, committed 704K, reserved 327680K
}
Event: 3.307 GC heap before
{Heap before GC invocations=2 (full 0):
 garbage-first heap   total 262144K, used 63211K [0x00000000e0000000, 0x0000000100000000)
  region size 1024K, 54 young (55296K), 5 survivors (5120K)
 Metaspace       used 5625K, committed 5888K, reserved 393216K
  class space    used 762K, committed 896K, reserved 327680K
}
Event: 3.313 GC heap after
{Heap after GC invocations=3 (full 0):
 garbage-first heap   total 262144K, used 16634K [0x00000000e0000000, 0x0000000100000000)
  region size 1024K, 5 young (5120K), 5 survivors (5120K)
 Metaspace       used 5625K, committed 5888K, reserved 393216K
  class space    used 762K, committed 896K, reserved 327680K
}
Event: 6.673 GC heap before
{Heap before GC invocations=3 (full 0):
 garbage-first heap   total 262144K, used 104698K [0x00000000e0000000, 0x0000000100000000)
  region size 1024K, 90 young (92160K), 5 survivors (5120K)
 Metaspace       used 20839K, committed 21504K, reserved 393216K
  class space    used 2914K, committed 3264K, reserved 327680K
}
Event: 6.686 GC heap after
{Heap after GC invocations=4 (full 0):
 garbage-first heap   total 262144K, used 23094K [0x00000000e0000000, 0x0000000100000000)
  region size 1024K, 12 young (12288K), 12 survivors (12288K)
 Metaspace       used 20839K, committed 21504K, reserved 393216K
  class space    used 2914K, committed 3264K, reserved 327680K
}
Event: 10.246 GC heap before
{Heap before GC invocations=5 (full 0):
 garbage-first heap   total 262144K, used 127542K [0x00000000e0000000, 0x0000000100000000)
  region size 1024K, 116 young (118784K), 12 survivors (12288K)
 Metaspace       used 34632K, committed 35968K, reserved 393216K
  class space    used 5048K, committed 5696K, reserved 327680K
}
Event: 10.265 GC heap after
{Heap after GC invocations=6 (full 0):
 garbage-first heap   total 262144K, used 30830K [0x00000000e0000000, 0x0000000100000000)
  region size 1024K, 14 young (14336K), 14 survivors (14336K)
 Metaspace       used 34632K, committed 35968K, reserved 393216K
  class space    used 5048K, committed 5696K, reserved 327680K
}
Event: 10.318 GC heap before
{Heap before GC invocations=6 (full 0):
 garbage-first heap   total 262144K, used 31854K [0x00000000e0000000, 0x0000000100000000)
  region size 1024K, 16 young (16384K), 14 survivors (14336K)
 Metaspace       used 34984K, committed 36288K, reserved 393216K
  class space    used 5072K, committed 5696K, reserved 327680K
}
Event: 10.327 GC heap after
{Heap after GC invocations=7 (full 0):
 garbage-first heap   total 262144K, used 30823K [0x00000000e0000000, 0x0000000100000000)
  region size 1024K, 8 young (8192K), 8 survivors (8192K)
 Metaspace       used 34984K, committed 36288K, reserved 393216K
  class space    used 5072K, committed 5696K, reserved 327680K
}
Event: 10.386 GC heap before
{Heap before GC invocations=7 (full 0):
 garbage-first heap   total 262144K, used 31847K [0x00000000e0000000, 0x0000000100000000)
  region size 1024K, 10 young (10240K), 8 survivors (8192K)
 Metaspace       used 35270K, committed 36608K, reserved 393216K
  class space    used 5116K, committed 5760K, reserved 327680K
}
Event: 10.392 GC heap after
{Heap after GC invocations=8 (full 0):
 garbage-first heap   total 262144K, used 30884K [0x00000000e0000000, 0x0000000100000000)
  region size 1024K, 8 young (8192K), 8 survivors (8192K)
 Metaspace       used 35270K, committed 36608K, reserved 393216K
  class space    used 5116K, committed 5760K, reserved 327680K
}
Event: 15.154 GC heap before
{Heap before GC invocations=9 (full 0):
 garbage-first heap   total 262144K, used 179364K [0x00000000e0000000, 0x0000000100000000)
  region size 1024K, 153 young (156672K), 8 survivors (8192K)
 Metaspace       used 49539K, committed 51264K, reserved 393216K
  class space    used 7314K, committed 8128K, reserved 327680K
}
Event: 15.171 GC heap after
{Heap after GC invocations=10 (full 0):
 garbage-first heap   total 262144K, used 39412K [0x00000000e0000000, 0x0000000100000000)
  region size 1024K, 17 young (17408K), 17 survivors (17408K)
 Metaspace       used 49539K, committed 51264K, reserved 393216K
  class space    used 7314K, committed 8128K, reserved 327680K
}

