# JRE version: OpenJDK Runtime Environment Temurin-17.0.18+8 (17.0.18+8) (build 17.0.18+8)
# Java VM: OpenJDK 64-Bit Server VM Temurin-17.0.18+8 (17.0.18+8, mixed mode, sharing, tiered, compressed oops, compressed class ptrs, serial gc, windows-amd64)
GC Precious Log:
 CPUs: 12 total, 12 available
 Memory: 16068M
 Large Page Support: Disabled
 NUMA Support: Disabled
 Compressed Oops: Enabled (32-bit)
 Heap Min Capacity: 8M
 Heap Initial Capacity: 252M
 Heap Max Capacity: 1G
 Pre-touch: Disabled
Heap:
 def new generation   total 77568K, used 28484K [0x00000000c0000000, 0x00000000c5420000, 0x00000000d5550000)
  eden space 68992K,  37% used [0x00000000c0000000, 0x00000000c18f76a8, 0x00000000c4360000)
  from space 8576K,  34% used [0x00000000c4bc0000, 0x00000000c4e99d18, 0x00000000c5420000)
  to   space 8576K,   0% used [0x00000000c4360000, 0x00000000c4360000, 0x00000000c4bc0000)
 tenured generation   total 172032K, used 21659K [0x00000000d5550000, 0x00000000dfd50000, 0x0000000100000000)
   the space 172032K,  12% used [0x00000000d5550000, 0x00000000d6a76e58, 0x00000000d6a77000, 0x00000000dfd50000)
 Metaspace       used 33204K, committed 33664K, reserved 278528K
  class space    used 4656K, committed 4864K, reserved 212992K
GC Heap History (10 events):
Event: 1.863 GC heap before
{Heap before GC invocations=0 (full 0):
 def new generation   total 77440K, used 68864K [0x00000000c0000000, 0x00000000c5400000, 0x00000000d5550000)
  eden space 68864K, 100% used [0x00000000c0000000, 0x00000000c4340000, 0x00000000c4340000)
  from space 8576K,   0% used [0x00000000c4340000, 0x00000000c4340000, 0x00000000c4ba0000)
  to   space 8576K,   0% used [0x00000000c4ba0000, 0x00000000c4ba0000, 0x00000000c5400000)
 tenured generation   total 172032K, used 0K [0x00000000d5550000, 0x00000000dfd50000, 0x0000000100000000)
   the space 172032K,   0% used [0x00000000d5550000, 0x00000000d5550000, 0x00000000d5550200, 0x00000000dfd50000)
 Metaspace       used 4538K, committed 4672K, reserved 278528K
  class space    used 572K, committed 640K, reserved 212992K
}
Event: 1.875 GC heap after
{Heap after GC invocations=1 (full 0):
 def new generation   total 77440K, used 8575K [0x00000000c0000000, 0x00000000c5400000, 0x00000000d5550000)
  eden space 68864K,   0% used [0x00000000c0000000, 0x00000000c0000000, 0x00000000c4340000)
  from space 8576K,  99% used [0x00000000c4ba0000, 0x00000000c53ffff8, 0x00000000c5400000)
  to   space 8576K,   0% used [0x00000000c4340000, 0x00000000c4340000, 0x00000000c4ba0000)
 tenured generation   total 172032K, used 1773K [0x00000000d5550000, 0x00000000dfd50000, 0x0000000100000000)
   the space 172032K,   1% used [0x00000000d5550000, 0x00000000d570b720, 0x00000000d570b800, 0x00000000dfd50000)
 Metaspace       used 4538K, committed 4672K, reserved 278528K
  class space    used 572K, committed 640K, reserved 212992K
}
Event: 3.027 GC heap before
{Heap before GC invocations=1 (full 0):
 def new generation   total 77440K, used 77439K [0x00000000c0000000, 0x00000000c5400000, 0x00000000d5550000)
  eden space 68864K, 100% used [0x00000000c0000000, 0x00000000c4340000, 0x00000000c4340000)
  from space 8576K,  99% used [0x00000000c4ba0000, 0x00000000c53ffff8, 0x00000000c5400000)
  to   space 8576K,   0% used [0x00000000c4340000, 0x00000000c4340000, 0x00000000c4ba0000)
 tenured generation   total 172032K, used 1773K [0x00000000d5550000, 0x00000000dfd50000, 0x0000000100000000)
   the space 172032K,   1% used [0x00000000d5550000, 0x00000000d570b720, 0x00000000d570b800, 0x00000000dfd50000)
 Metaspace       used 10054K, committed 10304K, reserved 278528K
  class space    used 1346K, committed 1472K, reserved 212992K
}
Event: 3.042 GC heap after
{Heap after GC invocations=2 (full 0):
 def new generation   total 77440K, used 7784K [0x00000000c0000000, 0x00000000c5400000, 0x00000000d5550000)
  eden space 68864K,   0% used [0x00000000c0000000, 0x00000000c0000000, 0x00000000c4340000)
  from space 8576K,  90% used [0x00000000c4340000, 0x00000000c4ada3f8, 0x00000000c4ba0000)
  to   space 8576K,   0% used [0x00000000c4ba0000, 0x00000000c4ba0000, 0x00000000c5400000)
 tenured generation   total 172032K, used 10222K [0x00000000d5550000, 0x00000000dfd50000, 0x0000000100000000)
   the space 172032K,   5% used [0x00000000d5550000, 0x00000000d5f4b910, 0x00000000d5f4ba00, 0x00000000dfd50000)
 Metaspace       used 10054K, committed 10304K, reserved 278528K
  class space    used 1346K, committed 1472K, reserved 212992K
}
Event: 4.224 GC heap before
{Heap before GC invocations=2 (full 0):
 def new generation   total 77440K, used 76648K [0x00000000c0000000, 0x00000000c5400000, 0x00000000d5550000)
  eden space 68864K, 100% used [0x00000000c0000000, 0x00000000c4340000, 0x00000000c4340000)
  from space 8576K,  90% used [0x00000000c4340000, 0x00000000c4ada3f8, 0x00000000c4ba0000)
  to   space 8576K,   0% used [0x00000000c4ba0000, 0x00000000c4ba0000, 0x00000000c5400000)
 tenured generation   total 172032K, used 10222K [0x00000000d5550000, 0x00000000dfd50000, 0x0000000100000000)
   the space 172032K,   5% used [0x00000000d5550000, 0x00000000d5f4b910, 0x00000000d5f4ba00, 0x00000000dfd50000)
 Metaspace       used 19947K, committed 20288K, reserved 278528K
  class space    used 2759K, committed 2944K, reserved 212992K
}
Event: 4.244 GC heap after
{Heap after GC invocations=3 (full 0):
 def new generation   total 77440K, used 2982K [0x00000000c0000000, 0x00000000c5400000, 0x00000000d5550000)
  eden space 68864K,   0% used [0x00000000c0000000, 0x00000000c0000000, 0x00000000c4340000)
  from space 8576K,  34% used [0x00000000c4ba0000, 0x00000000c4e89ae0, 0x00000000c5400000)
  to   space 8576K,   0% used [0x00000000c4340000, 0x00000000c4340000, 0x00000000c4ba0000)
 tenured generation   total 172032K, used 17896K [0x00000000d5550000, 0x00000000dfd50000, 0x0000000100000000)
   the space 172032K,  10% used [0x00000000d5550000, 0x00000000d66ca2a0, 0x00000000d66ca400, 0x00000000dfd50000)
 Metaspace       used 19947K, committed 20288K, reserved 278528K
  class space    used 2759K, committed 2944K, reserved 212992K
}
Event: 4.465 GC heap before
{Heap before GC invocations=3 (full 0):
 def new generation   total 77440K, used 16217K [0x00000000c0000000, 0x00000000c5400000, 0x00000000d5550000)
  eden space 68864K,  19% used [0x00000000c0000000, 0x00000000c0cec9f8, 0x00000000c4340000)
  from space 8576K,  34% used [0x00000000c4ba0000, 0x00000000c4e89ae0, 0x00000000c5400000)
  to   space 8576K,   0% used [0x00000000c4340000, 0x00000000c4340000, 0x00000000c4ba0000)
 tenured generation   total 172032K, used 17896K [0x00000000d5550000, 0x00000000dfd50000, 0x0000000100000000)
   the space 172032K,  10% used [0x00000000d5550000, 0x00000000d66ca2a0, 0x00000000d66ca400, 0x00000000dfd50000)
 Metaspace       used 21195K, committed 21504K, reserved 278528K
  class space    used 2966K, committed 3136K, reserved 212992K
}
Event: 4.504 GC heap after
{Heap after GC invocations=4 (full 1):
 def new generation   total 77568K, used 0K [0x00000000c0000000, 0x00000000c5420000, 0x00000000d5550000)
  eden space 68992K,   0% used [0x00000000c0000000, 0x00000000c0000000, 0x00000000c4360000)
  from space 8576K,   0% used [0x00000000c4360000, 0x00000000c4360000, 0x00000000c4bc0000)
  to   space 8576K,   0% used [0x00000000c4bc0000, 0x00000000c4bc0000, 0x00000000c5420000)
 tenured generation   total 172032K, used 21659K [0x00000000d5550000, 0x00000000dfd50000, 0x0000000100000000)
   the space 172032K,  12% used [0x00000000d5550000, 0x00000000d6a76e58, 0x00000000d6a77000, 0x00000000dfd50000)
 Metaspace       used 21195K, committed 21504K, reserved 278528K
  class space    used 2966K, committed 3136K, reserved 212992K
}
Event: 6.198 GC heap before
{Heap before GC invocations=4 (full 1):
 def new generation   total 77568K, used 68992K [0x00000000c0000000, 0x00000000c5420000, 0x00000000d5550000)
  eden space 68992K, 100% used [0x00000000c0000000, 0x00000000c4360000, 0x00000000c4360000)
  from space 8576K,   0% used [0x00000000c4360000, 0x00000000c4360000, 0x00000000c4bc0000)
  to   space 8576K,   0% used [0x00000000c4bc0000, 0x00000000c4bc0000, 0x00000000c5420000)
 tenured generation   total 172032K, used 21659K [0x00000000d5550000, 0x00000000dfd50000, 0x0000000100000000)
   the space 172032K,  12% used [0x00000000d5550000, 0x00000000d6a76e58, 0x00000000d6a77000, 0x00000000dfd50000)
 Metaspace       used 29158K, committed 29504K, reserved 278528K
  class space    used 4178K, committed 4352K, reserved 212992K
}
Event: 6.211 GC heap after
{Heap after GC invocations=5 (full 1):
 def new generation   total 77568K, used 2919K [0x00000000c0000000, 0x00000000c5420000, 0x00000000d5550000)
  eden space 68992K,   0% used [0x00000000c0000000, 0x00000000c0000000, 0x00000000c4360000)
  from space 8576K,  34% used [0x00000000c4bc0000, 0x00000000c4e99d18, 0x00000000c5420000)
  to   space 8576K,   0% used [0x00000000c4360000, 0x00000000c4360000, 0x00000000c4bc0000)
 tenured generation   total 172032K, used 21659K [0x00000000d5550000, 0x00000000dfd50000, 0x0000000100000000)
   the space 172032K,  12% used [0x00000000d5550000, 0x00000000d6a76e58, 0x00000000d6a77000, 0x00000000dfd50000)
 Metaspace       used 29158K, committed 29504K, reserved 278528K
  class space    used 4178K, committed 4352K, reserved 212992K
}

