# JRE version: OpenJDK Runtime Environment Temurin-17.0.18+8 (17.0.18+8) (build 17.0.18+8)
# Java VM: OpenJDK 64-Bit Server VM Temurin-17.0.18+8 (17.0.18+8, mixed mode, sharing, tiered, compressed oops, compressed class ptrs, g1 gc, windows-amd64)
GC Precious Log:
 CPUs: 12 total, 12 available
 Memory: 16068M
 Large Page Support: Disabled
 NUMA Support: Disabled
 Compressed Oops: Enabled (Zero based)
 Heap Region Size: 2M
 Heap Min Capacity: 8M
 Heap Initial Capacity: 252M
 Heap Max Capacity: 4G
 Pre-touch: Disabled
 Parallel Workers: 10
 Concurrent Workers: 3
 Concurrent Refinement Workers: 10
 Periodic GC: Disabled
Heap:
 garbage-first heap   total 258048K, used 85542K [0x0000000700000000, 0x0000000800000000)
  region size 2048K, 2 young (4096K), 2 survivors (4096K)
 Metaspace       used 72968K, committed 73984K, reserved 917504K
  class space    used 10443K, committed 10944K, reserved 851968K
GC Heap History (20 events):
Event: 15.313 GC heap after
{Heap after GC invocations=21 (full 0):
 garbage-first heap   total 122880K, used 65056K [0x0000000700000000, 0x0000000800000000)
  region size 2048K, 3 young (6144K), 3 survivors (6144K)
 Metaspace       used 65238K, committed 66112K, reserved 917504K
  class space    used 9358K, committed 9792K, reserved 851968K
}
Event: 16.442 GC heap before
{Heap before GC invocations=22 (full 0):
 garbage-first heap   total 122880K, used 95776K [0x0000000700000000, 0x0000000800000000)
  region size 2048K, 19 young (38912K), 3 survivors (6144K)
 Metaspace       used 67252K, committed 68224K, reserved 917504K
  class space    used 9685K, committed 10176K, reserved 851968K
}
Event: 16.455 GC heap after
{Heap after GC invocations=23 (full 0):
 garbage-first heap   total 122880K, used 67232K [0x0000000700000000, 0x0000000800000000)
  region size 2048K, 3 young (6144K), 3 survivors (6144K)
 Metaspace       used 67252K, committed 68224K, reserved 917504K
  class space    used 9685K, committed 10176K, reserved 851968K
}
Event: 17.356 GC heap before
{Heap before GC invocations=23 (full 0):
 garbage-first heap   total 122880K, used 93856K [0x0000000700000000, 0x0000000800000000)
  region size 2048K, 17 young (34816K), 3 survivors (6144K)
 Metaspace       used 69595K, committed 70528K, reserved 917504K
  class space    used 10110K, committed 10560K, reserved 851968K
}
Event: 17.366 GC heap after
{Heap after GC invocations=24 (full 0):
 garbage-first heap   total 147456K, used 69627K [0x0000000700000000, 0x0000000800000000)
  region size 2048K, 2 young (4096K), 2 survivors (4096K)
 Metaspace       used 69595K, committed 70528K, reserved 917504K
  class space    used 10110K, committed 10560K, reserved 851968K
}
Event: 19.171 GC heap before
{Heap before GC invocations=25 (full 0):
 garbage-first heap   total 147456K, used 114683K [0x0000000700000000, 0x0000000800000000)
  region size 2048K, 24 young (49152K), 2 survivors (4096K)
 Metaspace       used 71250K, committed 72256K, reserved 917504K
  class space    used 10315K, committed 10816K, reserved 851968K
}
Event: 19.181 GC heap after
{Heap after GC invocations=26 (full 0):
 garbage-first heap   total 147456K, used 74654K [0x0000000700000000, 0x0000000800000000)
  region size 2048K, 3 young (6144K), 3 survivors (6144K)
 Metaspace       used 71250K, committed 72256K, reserved 917504K
  class space    used 10315K, committed 10816K, reserved 851968K
}
Event: 20.629 GC heap before
{Heap before GC invocations=26 (full 0):
 garbage-first heap   total 147456K, used 111518K [0x0000000700000000, 0x0000000800000000)
  region size 2048K, 22 young (45056K), 3 survivors (6144K)
 Metaspace       used 72550K, committed 73536K, reserved 917504K
  class space    used 10440K, committed 10944K, reserved 851968K
}
Event: 20.644 GC heap after
{Heap after GC invocations=27 (full 0):
 garbage-first heap   total 147456K, used 80752K [0x0000000700000000, 0x0000000800000000)
  region size 2048K, 3 young (6144K), 3 survivors (6144K)
 Metaspace       used 72550K, committed 73536K, reserved 917504K
  class space    used 10440K, committed 10944K, reserved 851968K
}
Event: 21.574 GC heap before
{Heap before GC invocations=28 (full 0):
 garbage-first heap   total 147456K, used 113520K [0x0000000700000000, 0x0000000800000000)
  region size 2048K, 20 young (40960K), 3 survivors (6144K)
 Metaspace       used 72851K, committed 73920K, reserved 917504K
  class space    used 10442K, committed 10944K, reserved 851968K
}
Event: 21.584 GC heap after
{Heap after GC invocations=29 (full 0):
 garbage-first heap   total 147456K, used 84359K [0x0000000700000000, 0x0000000800000000)
  region size 2048K, 3 young (6144K), 3 survivors (6144K)
 Metaspace       used 72851K, committed 73920K, reserved 917504K
  class space    used 10442K, committed 10944K, reserved 851968K
}
Event: 21.598 GC heap before
{Heap before GC invocations=29 (full 0):
 garbage-first heap   total 147456K, used 86407K [0x0000000700000000, 0x0000000800000000)
  region size 2048K, 4 young (8192K), 3 survivors (6144K)
 Metaspace       used 72867K, committed 73920K, reserved 917504K
  class space    used 10442K, committed 10944K, reserved 851968K
}
Event: 21.606 GC heap after
{Heap after GC invocations=30 (full 0):
 garbage-first heap   total 147456K, used 83754K [0x0000000700000000, 0x0000000800000000)
  region size 2048K, 1 young (2048K), 1 survivors (2048K)
 Metaspace       used 72867K, committed 73920K, reserved 917504K
  class space    used 10442K, committed 10944K, reserved 851968K
}
Event: 21.852 GC heap before
{Heap before GC invocations=30 (full 0):
 garbage-first heap   total 147456K, used 112426K [0x0000000700000000, 0x0000000800000000)
  region size 2048K, 16 young (32768K), 1 survivors (2048K)
 Metaspace       used 72947K, committed 73984K, reserved 917504K
  class space    used 10443K, committed 10944K, reserved 851968K
}
Event: 21.859 GC heap after
{Heap after GC invocations=31 (full 0):
 garbage-first heap   total 147456K, used 85539K [0x0000000700000000, 0x0000000800000000)
  region size 2048K, 2 young (4096K), 2 survivors (4096K)
 Metaspace       used 72947K, committed 73984K, reserved 917504K
  class space    used 10443K, committed 10944K, reserved 851968K
}
Event: 22.224 GC heap before
{Heap before GC invocations=32 (full 0):
 garbage-first heap   total 157696K, used 114211K [0x0000000700000000, 0x0000000800000000)
  region size 2048K, 17 young (34816K), 2 survivors (4096K)
 Metaspace       used 72961K, committed 73984K, reserved 917504K
  class space    used 10443K, committed 10944K, reserved 851968K
}
Event: 22.231 GC heap after
{Heap after GC invocations=33 (full 0):
 garbage-first heap   total 157696K, used 86284K [0x0000000700000000, 0x0000000800000000)
  region size 2048K, 2 young (4096K), 2 survivors (4096K)
 Metaspace       used 72961K, committed 73984K, reserved 917504K
  class space    used 10443K, committed 10944K, reserved 851968K
}
Event: 22.241 GC heap before
{Heap before GC invocations=33 (full 0):
 garbage-first heap   total 157696K, used 88332K [0x0000000700000000, 0x0000000800000000)
  region size 2048K, 3 young (6144K), 2 survivors (4096K)
 Metaspace       used 72961K, committed 73984K, reserved 917504K
  class space    used 10443K, committed 10944K, reserved 851968K
}
Event: 22.248 GC heap after
{Heap after GC invocations=34 (full 0):
 garbage-first heap   total 157696K, used 83331K [0x0000000700000000, 0x0000000800000000)
  region size 2048K, 1 young (2048K), 1 survivors (2048K)
 Metaspace       used 72961K, committed 73984K, reserved 917504K
  class space    used 10443K, committed 10944K, reserved 851968K
}
Event: 22.503 GC heap before
{Heap before GC invocations=34 (full 0):
 garbage-first heap   total 157696K, used 122243K [0x0000000700000000, 0x0000000800000000)
  region size 2048K, 21 young (43008K), 1 survivors (2048K)
 Metaspace       used 72968K, committed 73984K, reserved 917504K
  class space    used 10443K, committed 10944K, reserved 851968K
}

