# JRE version: OpenJDK Runtime Environment Temurin-17.0.18+8 (17.0.18+8) (build 17.0.18+8)
# Java VM: OpenJDK 64-Bit Server VM Temurin-17.0.18+8 (17.0.18+8, mixed mode, sharing, tiered, compressed oops, compressed class ptrs, serial gc, windows-amd64)
GC Precious Log:
 CPUs: 12 total, 12 available
 Memory: 16068M
 Large Page Support: Disabled
 NUMA Support: Disabled
 Compressed Oops: Enabled (32-bit)
 Heap Min Capacity: 8M
 Heap Initial Capacity: 252M
 Heap Max Capacity: 1536M
 Pre-touch: Disabled
Heap:
 def new generation   total 131776K, used 66799K [0x00000000a0000000, 0x00000000a8ef0000, 0x00000000c0000000)
  eden space 117184K,  47% used [0x00000000a0000000, 0x00000000a36418d8, 0x00000000a7270000)
  from space 14592K,  77% used [0x00000000a80b0000, 0x00000000a8bacf80, 0x00000000a8ef0000)
  to   space 14592K,   0% used [0x00000000a7270000, 0x00000000a7270000, 0x00000000a80b0000)
 tenured generation   total 290788K, used 288526K [0x00000000c0000000, 0x00000000d1bf9000, 0x0000000100000000)
   the space 290788K,  99% used [0x00000000c0000000, 0x00000000d19c3b30, 0x00000000d19c3c00, 0x00000000d1bf9000)
 Metaspace       used 124033K, committed 125952K, reserved 557056K
  class space    used 16948K, committed 17856K, reserved 425984K
GC Heap History (20 events):
Event: 65.434 GC heap before
{Heap before GC invocations=40 (full 5):
 def new generation   total 130176K, used 130176K [0x00000000a0000000, 0x00000000a8d30000, 0x00000000c0000000)
  eden space 115776K, 100% used [0x00000000a0000000, 0x00000000a7110000, 0x00000000a7110000)
  from space 14400K, 100% used [0x00000000a7f20000, 0x00000000a8d30000, 0x00000000a8d30000)
  to   space 14400K,   0% used [0x00000000a7110000, 0x00000000a7110000, 0x00000000a7f20000)
 tenured generation   total 287332K, used 188917K [0x00000000c0000000, 0x00000000d1899000, 0x0000000100000000)
   the space 287332K,  65% used [0x00000000c0000000, 0x00000000cb87d420, 0x00000000cb87d600, 0x00000000d1899000)
 Metaspace       used 106770K, committed 108480K, reserved 557056K
  class space    used 15031K, committed 15872K, reserved 425984K
}
Event: 65.492 GC heap after
{Heap after GC invocations=41 (full 5):
 def new generation   total 130176K, used 10766K [0x00000000a0000000, 0x00000000a8d30000, 0x00000000c0000000)
  eden space 115776K,   0% used [0x00000000a0000000, 0x00000000a0000000, 0x00000000a7110000)
  from space 14400K,  74% used [0x00000000a7110000, 0x00000000a7b93800, 0x00000000a7f20000)
  to   space 14400K,   0% used [0x00000000a7f20000, 0x00000000a7f20000, 0x00000000a8d30000)
 tenured generation   total 287332K, used 200771K [0x00000000c0000000, 0x00000000d1899000, 0x0000000100000000)
   the space 287332K,  69% used [0x00000000c0000000, 0x00000000cc410da8, 0x00000000cc410e00, 0x00000000d1899000)
 Metaspace       used 106770K, committed 108480K, reserved 557056K
  class space    used 15031K, committed 15872K, reserved 425984K
}
Event: 68.268 GC heap before
{Heap before GC invocations=41 (full 5):
 def new generation   total 130176K, used 126542K [0x00000000a0000000, 0x00000000a8d30000, 0x00000000c0000000)
  eden space 115776K, 100% used [0x00000000a0000000, 0x00000000a7110000, 0x00000000a7110000)
  from space 14400K,  74% used [0x00000000a7110000, 0x00000000a7b93800, 0x00000000a7f20000)
  to   space 14400K,   0% used [0x00000000a7f20000, 0x00000000a7f20000, 0x00000000a8d30000)
 tenured generation   total 287332K, used 200771K [0x00000000c0000000, 0x00000000d1899000, 0x0000000100000000)
   the space 287332K,  69% used [0x00000000c0000000, 0x00000000cc410da8, 0x00000000cc410e00, 0x00000000d1899000)
 Metaspace       used 112139K, committed 113856K, reserved 557056K
  class space    used 15763K, committed 16576K, reserved 425984K
}
Event: 68.335 GC heap after
{Heap after GC invocations=42 (full 5):
 def new generation   total 130176K, used 10429K [0x00000000a0000000, 0x00000000a8d30000, 0x00000000c0000000)
  eden space 115776K,   0% used [0x00000000a0000000, 0x00000000a0000000, 0x00000000a7110000)
  from space 14400K,  72% used [0x00000000a7f20000, 0x00000000a894f4d0, 0x00000000a8d30000)
  to   space 14400K,   0% used [0x00000000a7110000, 0x00000000a7110000, 0x00000000a7f20000)
 tenured generation   total 287332K, used 211476K [0x00000000c0000000, 0x00000000d1899000, 0x0000000100000000)
   the space 287332K,  73% used [0x00000000c0000000, 0x00000000cce850a8, 0x00000000cce85200, 0x00000000d1899000)
 Metaspace       used 112139K, committed 113856K, reserved 557056K
  class space    used 15763K, committed 16576K, reserved 425984K
}
Event: 71.731 GC heap before
{Heap before GC invocations=42 (full 5):
 def new generation   total 130176K, used 126205K [0x00000000a0000000, 0x00000000a8d30000, 0x00000000c0000000)
  eden space 115776K, 100% used [0x00000000a0000000, 0x00000000a7110000, 0x00000000a7110000)
  from space 14400K,  72% used [0x00000000a7f20000, 0x00000000a894f4d0, 0x00000000a8d30000)
  to   space 14400K,   0% used [0x00000000a7110000, 0x00000000a7110000, 0x00000000a7f20000)
 tenured generation   total 287332K, used 211476K [0x00000000c0000000, 0x00000000d1899000, 0x0000000100000000)
   the space 287332K,  73% used [0x00000000c0000000, 0x00000000cce850a8, 0x00000000cce85200, 0x00000000d1899000)
 Metaspace       used 114261K, committed 116032K, reserved 557056K
  class space    used 16028K, committed 16896K, reserved 425984K
}
Event: 71.832 GC heap after
{Heap after GC invocations=43 (full 5):
 def new generation   total 130176K, used 14399K [0x00000000a0000000, 0x00000000a8d30000, 0x00000000c0000000)
  eden space 115776K,   0% used [0x00000000a0000000, 0x00000000a0000000, 0x00000000a7110000)
  from space 14400K,  99% used [0x00000000a7110000, 0x00000000a7f1fff8, 0x00000000a7f20000)
  to   space 14400K,   0% used [0x00000000a7f20000, 0x00000000a7f20000, 0x00000000a8d30000)
 tenured generation   total 287332K, used 226409K [0x00000000c0000000, 0x00000000d1899000, 0x0000000100000000)
   the space 287332K,  78% used [0x00000000c0000000, 0x00000000cdd1a448, 0x00000000cdd1a600, 0x00000000d1899000)
 Metaspace       used 114261K, committed 116032K, reserved 557056K
  class space    used 16028K, committed 16896K, reserved 425984K
}
Event: 74.582 GC heap before
{Heap before GC invocations=43 (full 5):
 def new generation   total 130176K, used 130175K [0x00000000a0000000, 0x00000000a8d30000, 0x00000000c0000000)
  eden space 115776K, 100% used [0x00000000a0000000, 0x00000000a7110000, 0x00000000a7110000)
  from space 14400K,  99% used [0x00000000a7110000, 0x00000000a7f1fff8, 0x00000000a7f20000)
  to   space 14400K,   0% used [0x00000000a7f20000, 0x00000000a7f20000, 0x00000000a8d30000)
 tenured generation   total 287332K, used 226409K [0x00000000c0000000, 0x00000000d1899000, 0x0000000100000000)
   the space 287332K,  78% used [0x00000000c0000000, 0x00000000cdd1a448, 0x00000000cdd1a600, 0x00000000d1899000)
 Metaspace       used 115536K, committed 117440K, reserved 557056K
  class space    used 16176K, committed 17088K, reserved 425984K
}
Event: 74.669 GC heap after
{Heap after GC invocations=44 (full 5):
 def new generation   total 130176K, used 13582K [0x00000000a0000000, 0x00000000a8d30000, 0x00000000c0000000)
  eden space 115776K,   0% used [0x00000000a0000000, 0x00000000a0000000, 0x00000000a7110000)
  from space 14400K,  94% used [0x00000000a7f20000, 0x00000000a8c638d0, 0x00000000a8d30000)
  to   space 14400K,   0% used [0x00000000a7110000, 0x00000000a7110000, 0x00000000a7f20000)
 tenured generation   total 287332K, used 240654K [0x00000000c0000000, 0x00000000d1899000, 0x0000000100000000)
   the space 287332K,  83% used [0x00000000c0000000, 0x00000000ceb03818, 0x00000000ceb03a00, 0x00000000d1899000)
 Metaspace       used 115536K, committed 117440K, reserved 557056K
  class space    used 16176K, committed 17088K, reserved 425984K
}
Event: 75.232 GC heap before
{Heap before GC invocations=44 (full 5):
 def new generation   total 130176K, used 129358K [0x00000000a0000000, 0x00000000a8d30000, 0x00000000c0000000)
  eden space 115776K, 100% used [0x00000000a0000000, 0x00000000a7110000, 0x00000000a7110000)
  from space 14400K,  94% used [0x00000000a7f20000, 0x00000000a8c638d0, 0x00000000a8d30000)
  to   space 14400K,   0% used [0x00000000a7110000, 0x00000000a7110000, 0x00000000a7f20000)
 tenured generation   total 287332K, used 240654K [0x00000000c0000000, 0x00000000d1899000, 0x0000000100000000)
   the space 287332K,  83% used [0x00000000c0000000, 0x00000000ceb03818, 0x00000000ceb03a00, 0x00000000d1899000)
 Metaspace       used 115542K, committed 117440K, reserved 557056K
  class space    used 16177K, committed 17088K, reserved 425984K
}
Event: 75.282 GC heap after
{Heap after GC invocations=45 (full 5):
 def new generation   total 130176K, used 4711K [0x00000000a0000000, 0x00000000a8d30000, 0x00000000c0000000)
  eden space 115776K,   0% used [0x00000000a0000000, 0x00000000a0000000, 0x00000000a7110000)
  from space 14400K,  32% used [0x00000000a7110000, 0x00000000a75a9c00, 0x00000000a7f20000)
  to   space 14400K,   0% used [0x00000000a7f20000, 0x00000000a7f20000, 0x00000000a8d30000)
 tenured generation   total 287332K, used 251825K [0x00000000c0000000, 0x00000000d1899000, 0x0000000100000000)
   the space 287332K,  87% used [0x00000000c0000000, 0x00000000cf5ec450, 0x00000000cf5ec600, 0x00000000d1899000)
 Metaspace       used 115542K, committed 117440K, reserved 557056K
  class space    used 16177K, committed 17088K, reserved 425984K
}
Event: 76.307 GC heap before
{Heap before GC invocations=45 (full 5):
 def new generation   total 130176K, used 120085K [0x00000000a0000000, 0x00000000a8d30000, 0x00000000c0000000)
  eden space 115776K,  99% used [0x00000000a0000000, 0x00000000a70abb70, 0x00000000a7110000)
  from space 14400K,  32% used [0x00000000a7110000, 0x00000000a75a9c00, 0x00000000a7f20000)
  to   space 14400K,   0% used [0x00000000a7f20000, 0x00000000a7f20000, 0x00000000a8d30000)
 tenured generation   total 287332K, used 251825K [0x00000000c0000000, 0x00000000d1899000, 0x0000000100000000)
   the space 287332K,  87% used [0x00000000c0000000, 0x00000000cf5ec450, 0x00000000cf5ec600, 0x00000000d1899000)
 Metaspace       used 115670K, committed 117504K, reserved 557056K
  class space    used 16201K, committed 17088K, reserved 425984K
}
Event: 76.323 GC heap after
{Heap after GC invocations=46 (full 5):
 def new generation   total 130176K, used 10204K [0x00000000a0000000, 0x00000000a8d30000, 0x00000000c0000000)
  eden space 115776K,   0% used [0x00000000a0000000, 0x00000000a0000000, 0x00000000a7110000)
  from space 14400K,  70% used [0x00000000a7f20000, 0x00000000a8917068, 0x00000000a8d30000)
  to   space 14400K,   0% used [0x00000000a7110000, 0x00000000a7110000, 0x00000000a7f20000)
 tenured generation   total 287332K, used 251825K [0x00000000c0000000, 0x00000000d1899000, 0x0000000100000000)
   the space 287332K,  87% used [0x00000000c0000000, 0x00000000cf5ec450, 0x00000000cf5ec600, 0x00000000d1899000)
 Metaspace       used 115670K, committed 117504K, reserved 557056K
  class space    used 16201K, committed 17088K, reserved 425984K
}
Event: 80.858 GC heap before
{Heap before GC invocations=46 (full 5):
 def new generation   total 130176K, used 125980K [0x00000000a0000000, 0x00000000a8d30000, 0x00000000c0000000)
  eden space 115776K, 100% used [0x00000000a0000000, 0x00000000a7110000, 0x00000000a7110000)
  from space 14400K,  70% used [0x00000000a7f20000, 0x00000000a8917068, 0x00000000a8d30000)
  to   space 14400K,   0% used [0x00000000a7110000, 0x00000000a7110000, 0x00000000a7f20000)
 tenured generation   total 287332K, used 251825K [0x00000000c0000000, 0x00000000d1899000, 0x0000000100000000)
   the space 287332K,  87% used [0x00000000c0000000, 0x00000000cf5ec450, 0x00000000cf5ec600, 0x00000000d1899000)
 Metaspace       used 118417K, committed 120320K, reserved 557056K
  class space    used 16400K, committed 17344K, reserved 425984K
}
Event: 80.982 GC heap after
{Heap after GC invocations=47 (full 5):
 def new generation   total 130176K, used 14400K [0x00000000a0000000, 0x00000000a8d30000, 0x00000000c0000000)
  eden space 115776K,   0% used [0x00000000a0000000, 0x00000000a0000000, 0x00000000a7110000)
  from space 14400K, 100% used [0x00000000a7110000, 0x00000000a7f20000, 0x00000000a7f20000)
  to   space 14400K,   0% used [0x00000000a7f20000, 0x00000000a7f20000, 0x00000000a8d30000)
 tenured generation   total 287332K, used 276295K [0x00000000c0000000, 0x00000000d1899000, 0x0000000100000000)
   the space 287332K,  96% used [0x00000000c0000000, 0x00000000d0dd1dc8, 0x00000000d0dd1e00, 0x00000000d1899000)
 Metaspace       used 118417K, committed 120320K, reserved 557056K
  class space    used 16400K, committed 17344K, reserved 425984K
}
Event: 83.517 GC heap before
{Heap before GC invocations=47 (full 5):
 def new generation   total 130176K, used 130176K [0x00000000a0000000, 0x00000000a8d30000, 0x00000000c0000000)
  eden space 115776K, 100% used [0x00000000a0000000, 0x00000000a7110000, 0x00000000a7110000)
  from space 14400K, 100% used [0x00000000a7110000, 0x00000000a7f20000, 0x00000000a7f20000)
  to   space 14400K,   0% used [0x00000000a7f20000, 0x00000000a7f20000, 0x00000000a8d30000)
 tenured generation   total 287332K, used 276295K [0x00000000c0000000, 0x00000000d1899000, 0x0000000100000000)
   the space 287332K,  96% used [0x00000000c0000000, 0x00000000d0dd1dc8, 0x00000000d0dd1e00, 0x00000000d1899000)
 Metaspace       used 119441K, committed 121408K, reserved 557056K
  class space    used 16501K, committed 17472K, reserved 425984K
}
Event: 83.600 GC heap after
{Heap after GC invocations=48 (full 5):
 def new generation   total 130176K, used 8351K [0x00000000a0000000, 0x00000000a8d30000, 0x00000000c0000000)
  eden space 115776K,   0% used [0x00000000a0000000, 0x00000000a0000000, 0x00000000a7110000)
  from space 14400K,  57% used [0x00000000a7f20000, 0x00000000a8747c90, 0x00000000a8d30000)
  to   space 14400K,   0% used [0x00000000a7110000, 0x00000000a7110000, 0x00000000a7f20000)
 tenured generation   total 290788K, used 290663K [0x00000000c0000000, 0x00000000d1bf9000, 0x0000000100000000)
   the space 290788K,  99% used [0x00000000c0000000, 0x00000000d1bd9df0, 0x00000000d1bd9e00, 0x00000000d1bf9000)
 Metaspace       used 119441K, committed 121408K, reserved 557056K
  class space    used 16501K, committed 17472K, reserved 425984K
}
Event: 83.600 GC heap before
{Heap before GC invocations=48 (full 5):
 def new generation   total 130176K, used 8351K [0x00000000a0000000, 0x00000000a8d30000, 0x00000000c0000000)
  eden space 115776K,   0% used [0x00000000a0000000, 0x00000000a0000000, 0x00000000a7110000)
  from space 14400K,  57% used [0x00000000a7f20000, 0x00000000a8747c90, 0x00000000a8d30000)
  to   space 14400K,   0% used [0x00000000a7110000, 0x00000000a7110000, 0x00000000a7f20000)
 tenured generation   total 290788K, used 290663K [0x00000000c0000000, 0x00000000d1bf9000, 0x0000000100000000)
   the space 290788K,  99% used [0x00000000c0000000, 0x00000000d1bd9df0, 0x00000000d1bd9e00, 0x00000000d1bf9000)
 Metaspace       used 119441K, committed 121408K, reserved 557056K
  class space    used 16501K, committed 17472K, reserved 425984K
}
Event: 84.544 GC heap after
{Heap after GC invocations=48 (full 6):
 def new generation   total 131776K, used 0K [0x00000000a0000000, 0x00000000a8ef0000, 0x00000000c0000000)
  eden space 117184K,   0% used [0x00000000a0000000, 0x00000000a0000000, 0x00000000a7270000)
  from space 14592K,   0% used [0x00000000a7270000, 0x00000000a7270000, 0x00000000a80b0000)
  to   space 14592K,   0% used [0x00000000a80b0000, 0x00000000a80b0000, 0x00000000a8ef0000)
 tenured generation   total 290788K, used 288526K [0x00000000c0000000, 0x00000000d1bf9000, 0x0000000100000000)
   the space 290788K,  99% used [0x00000000c0000000, 0x00000000d19c3b30, 0x00000000d19c3c00, 0x00000000d1bf9000)
 Metaspace       used 119441K, committed 121408K, reserved 557056K
  class space    used 16501K, committed 17472K, reserved 425984K
}
Event: 85.553 GC heap before
{Heap before GC invocations=48 (full 6):
 def new generation   total 131776K, used 117184K [0x00000000a0000000, 0x00000000a8ef0000, 0x00000000c0000000)
  eden space 117184K, 100% used [0x00000000a0000000, 0x00000000a7270000, 0x00000000a7270000)
  from space 14592K,   0% used [0x00000000a7270000, 0x00000000a7270000, 0x00000000a80b0000)
  to   space 14592K,   0% used [0x00000000a80b0000, 0x00000000a80b0000, 0x00000000a8ef0000)
 tenured generation   total 290788K, used 288526K [0x00000000c0000000, 0x00000000d1bf9000, 0x0000000100000000)
   the space 290788K,  99% used [0x00000000c0000000, 0x00000000d19c3b30, 0x00000000d19c3c00, 0x00000000d1bf9000)
 Metaspace       used 122851K, committed 124736K, reserved 557056K
  class space    used 16820K, committed 17728K, reserved 425984K
}
Event: 85.610 GC heap after
{Heap after GC invocations=49 (full 6):
 def new generation   total 131776K, used 11251K [0x00000000a0000000, 0x00000000a8ef0000, 0x00000000c0000000)
  eden space 117184K,   0% used [0x00000000a0000000, 0x00000000a0000000, 0x00000000a7270000)
  from space 14592K,  77% used [0x00000000a80b0000, 0x00000000a8bacf80, 0x00000000a8ef0000)
  to   space 14592K,   0% used [0x00000000a7270000, 0x00000000a7270000, 0x00000000a80b0000)
 tenured generation   total 290788K, used 288526K [0x00000000c0000000, 0x00000000d1bf9000, 0x0000000100000000)
   the space 290788K,  99% used [0x00000000c0000000, 0x00000000d19c3b30, 0x00000000d19c3c00, 0x00000000d1bf9000)
 Metaspace       used 122851K, committed 124736K, reserved 557056K
  class space    used 16820K, committed 17728K, reserved 425984K
}

