# JRE version: OpenJDK Runtime Environment Temurin-17.0.18+8 (17.0.18+8) (build 17.0.18+8)
# Java VM: OpenJDK 64-Bit Server VM Temurin-17.0.18+8 (17.0.18+8, mixed mode, sharing, tiered, compressed oops, compressed class ptrs, g1 gc, windows-amd64)
GC Precious Log:
 CPUs: 12 total, 12 available
 Memory: 16068M
 Large Page Support: Disabled
 NUMA Support: Disabled
 Compressed Oops: Enabled (Zero based)
 Heap Region Size: 2M
 Heap Min Capacity: 8M
 Heap Initial Capacity: 252M
 Heap Max Capacity: 4G
 Pre-touch: Disabled
 Parallel Workers: 10
 Concurrent Workers: 3
 Concurrent Refinement Workers: 10
 Periodic GC: Disabled
Heap:
 garbage-first heap   total 270336K, used 191447K [0x0000000700000000, 0x0000000800000000)
  region size 2048K, 16 young (32768K), 3 survivors (6144K)
 Metaspace       used 105350K, committed 106944K, reserved 983040K
  class space    used 14814K, committed 15616K, reserved 851968K
GC Heap History (20 events):
Event: 67.907 GC heap before
{Heap before GC invocations=49 (full 0):
 garbage-first heap   total 172032K, used 144960K [0x0000000700000000, 0x0000000800000000)
  region size 2048K, 10 young (20480K), 2 survivors (4096K)
 Metaspace       used 101866K, committed 103296K, reserved 983040K
  class space    used 14400K, committed 15104K, reserved 851968K
}
Event: 67.914 GC heap after
{Heap after GC invocations=50 (full 0):
 garbage-first heap   total 172032K, used 130213K [0x0000000700000000, 0x0000000800000000)
  region size 2048K, 1 young (2048K), 1 survivors (2048K)
 Metaspace       used 101866K, committed 103296K, reserved 983040K
  class space    used 14400K, committed 15104K, reserved 851968K
}
Event: 68.528 GC heap before
{Heap before GC invocations=51 (full 0):
 garbage-first heap   total 225280K, used 142501K [0x0000000700000000, 0x0000000800000000)
  region size 2048K, 7 young (14336K), 1 survivors (2048K)
 Metaspace       used 102195K, committed 103552K, reserved 983040K
  class space    used 14436K, committed 15104K, reserved 851968K
}
Event: 68.541 GC heap after
{Heap after GC invocations=52 (full 0):
 garbage-first heap   total 225280K, used 133120K [0x0000000700000000, 0x0000000800000000)
  region size 2048K, 1 young (2048K), 1 survivors (2048K)
 Metaspace       used 102195K, committed 103552K, reserved 983040K
  class space    used 14436K, committed 15104K, reserved 851968K
}
Event: 68.874 GC heap before
{Heap before GC invocations=52 (full 0):
 garbage-first heap   total 225280K, used 139264K [0x0000000700000000, 0x0000000800000000)
  region size 2048K, 5 young (10240K), 1 survivors (2048K)
 Metaspace       used 102281K, committed 103680K, reserved 983040K
  class space    used 14459K, committed 15168K, reserved 851968K
}
Event: 68.882 GC heap after
{Heap after GC invocations=53 (full 0):
 garbage-first heap   total 270336K, used 131575K [0x0000000700000000, 0x0000000800000000)
  region size 2048K, 1 young (2048K), 1 survivors (2048K)
 Metaspace       used 102281K, committed 103680K, reserved 983040K
  class space    used 14459K, committed 15168K, reserved 851968K
}
Event: 71.194 GC heap before
{Heap before GC invocations=53 (full 0):
 garbage-first heap   total 270336K, used 205303K [0x0000000700000000, 0x0000000800000000)
  region size 2048K, 38 young (77824K), 1 survivors (2048K)
 Metaspace       used 102393K, committed 103808K, reserved 983040K
  class space    used 14465K, committed 15168K, reserved 851968K
}
Event: 71.203 GC heap after
{Heap after GC invocations=54 (full 0):
 garbage-first heap   total 270336K, used 137566K [0x0000000700000000, 0x0000000800000000)
  region size 2048K, 4 young (8192K), 4 survivors (8192K)
 Metaspace       used 102393K, committed 103808K, reserved 983040K
  class space    used 14465K, committed 15168K, reserved 851968K
}
Event: 72.315 GC heap before
{Heap before GC invocations=54 (full 0):
 garbage-first heap   total 270336K, used 209246K [0x0000000700000000, 0x0000000800000000)
  region size 2048K, 40 young (81920K), 4 survivors (8192K)
 Metaspace       used 103770K, committed 105152K, reserved 983040K
  class space    used 14593K, committed 15232K, reserved 851968K
}
Event: 72.327 GC heap after
{Heap after GC invocations=55 (full 0):
 garbage-first heap   total 270336K, used 143401K [0x0000000700000000, 0x0000000800000000)
  region size 2048K, 5 young (10240K), 5 survivors (10240K)
 Metaspace       used 103770K, committed 105152K, reserved 983040K
  class space    used 14593K, committed 15232K, reserved 851968K
}
Event: 72.642 GC heap before
{Heap before GC invocations=55 (full 0):
 garbage-first heap   total 270336K, used 208937K [0x0000000700000000, 0x0000000800000000)
  region size 2048K, 38 young (77824K), 5 survivors (10240K)
 Metaspace       used 103770K, committed 105152K, reserved 983040K
  class space    used 14593K, committed 15232K, reserved 851968K
}
Event: 72.649 GC heap after
{Heap after GC invocations=56 (full 0):
 garbage-first heap   total 270336K, used 145127K [0x0000000700000000, 0x0000000800000000)
  region size 2048K, 3 young (6144K), 3 survivors (6144K)
 Metaspace       used 103770K, committed 105152K, reserved 983040K
  class space    used 14593K, committed 15232K, reserved 851968K
}
Event: 74.456 GC heap before
{Heap before GC invocations=56 (full 0):
 garbage-first heap   total 270336K, used 212711K [0x0000000700000000, 0x0000000800000000)
  region size 2048K, 37 young (75776K), 3 survivors (6144K)
 Metaspace       used 104760K, committed 106176K, reserved 983040K
  class space    used 14753K, committed 15488K, reserved 851968K
}
Event: 74.465 GC heap after
{Heap after GC invocations=57 (full 0):
 garbage-first heap   total 270336K, used 153537K [0x0000000700000000, 0x0000000800000000)
  region size 2048K, 5 young (10240K), 5 survivors (10240K)
 Metaspace       used 104760K, committed 106176K, reserved 983040K
  class space    used 14753K, committed 15488K, reserved 851968K
}
Event: 77.564 GC heap before
{Heap before GC invocations=57 (full 0):
 garbage-first heap   total 270336K, used 214977K [0x0000000700000000, 0x0000000800000000)
  region size 2048K, 35 young (71680K), 5 survivors (10240K)
 Metaspace       used 105164K, committed 106688K, reserved 983040K
  class space    used 14792K, committed 15552K, reserved 851968K
}
Event: 77.576 GC heap after
{Heap after GC invocations=58 (full 0):
 garbage-first heap   total 270336K, used 165170K [0x0000000700000000, 0x0000000800000000)
  region size 2048K, 5 young (10240K), 5 survivors (10240K)
 Metaspace       used 105164K, committed 106688K, reserved 983040K
  class space    used 14792K, committed 15552K, reserved 851968K
}
Event: 77.727 GC heap before
{Heap before GC invocations=58 (full 0):
 garbage-first heap   total 270336K, used 214322K [0x0000000700000000, 0x0000000800000000)
  region size 2048K, 30 young (61440K), 5 survivors (10240K)
 Metaspace       used 105164K, committed 106688K, reserved 983040K
  class space    used 14792K, committed 15552K, reserved 851968K
}
Event: 77.735 GC heap after
{Heap after GC invocations=59 (full 0):
 garbage-first heap   total 270336K, used 168511K [0x0000000700000000, 0x0000000800000000)
  region size 2048K, 2 young (4096K), 2 survivors (4096K)
 Metaspace       used 105164K, committed 106688K, reserved 983040K
  class space    used 14792K, committed 15552K, reserved 851968K
}
Event: 77.874 GC heap before
{Heap before GC invocations=59 (full 0):
 garbage-first heap   total 270336K, used 215615K [0x0000000700000000, 0x0000000800000000)
  region size 2048K, 26 young (53248K), 2 survivors (4096K)
 Metaspace       used 105165K, committed 106688K, reserved 983040K
  class space    used 14792K, committed 15552K, reserved 851968K
}
Event: 77.879 GC heap after
{Heap after GC invocations=60 (full 0):
 garbage-first heap   total 270336K, used 168919K [0x0000000700000000, 0x0000000800000000)
  region size 2048K, 3 young (6144K), 3 survivors (6144K)
 Metaspace       used 105165K, committed 106688K, reserved 983040K
  class space    used 14792K, committed 15552K, reserved 851968K
}

