# JRE version: OpenJDK Runtime Environment Temurin-17.0.18+8 (17.0.18+8) (build 17.0.18+8)
# Java VM: OpenJDK 64-Bit Server VM Temurin-17.0.18+8 (17.0.18+8, mixed mode, sharing, tiered, compressed oops, compressed class ptrs, serial gc, windows-amd64)
GC Precious Log:
 CPUs: 12 total, 12 available
 Memory: 16068M
 Large Page Support: Disabled
 NUMA Support: Disabled
 Compressed Oops: Enabled (32-bit)
 Heap Min Capacity: 8M
 Heap Initial Capacity: 252M
 Heap Max Capacity: 1536M
 Pre-touch: Disabled
Heap:
 def new generation   total 132160K, used 38162K [0x00000000a0000000, 0x00000000a8f60000, 0x00000000c0000000)
  eden space 117504K,  27% used [0x00000000a0000000, 0x00000000a1efeda0, 0x00000000a72c0000)
  from space 14656K,  43% used [0x00000000a8110000, 0x00000000a8755b88, 0x00000000a8f60000)
  to   space 14656K,   0% used [0x00000000a72c0000, 0x00000000a72c0000, 0x00000000a8110000)
 tenured generation   total 291788K, used 196928K [0x00000000c0000000, 0x00000000d1cf3000, 0x0000000100000000)
   the space 291788K,  67% used [0x00000000c0000000, 0x00000000cc0501c8, 0x00000000cc050200, 0x00000000d1cf3000)
 Metaspace       used 106306K, committed 107968K, reserved 557056K
  class space    used 14977K, committed 15744K, reserved 425984K
GC Heap History (20 events):
Event: 45.748 GC heap before
{Heap before GC invocations=33 (full 4):
 def new generation   total 78272K, used 73080K [0x00000000a0000000, 0x00000000a54e0000, 0x00000000c0000000)
  eden space 69632K, 100% used [0x00000000a0000000, 0x00000000a4400000, 0x00000000a4400000)
  from space 8640K,  39% used [0x00000000a4400000, 0x00000000a475e320, 0x00000000a4c70000)
  to   space 8640K,   0% used [0x00000000a4c70000, 0x00000000a4c70000, 0x00000000a54e0000)
 tenured generation   total 172032K, used 143711K [0x00000000c0000000, 0x00000000ca800000, 0x0000000100000000)
   the space 172032K,  83% used [0x00000000c0000000, 0x00000000c8c57e38, 0x00000000c8c58000, 0x00000000ca800000)
 Metaspace       used 105193K, committed 106752K, reserved 557056K
  class space    used 14807K, committed 15552K, reserved 425984K
}
Event: 45.788 GC heap after
{Heap after GC invocations=34 (full 4):
 def new generation   total 78272K, used 8639K [0x00000000a0000000, 0x00000000a54e0000, 0x00000000c0000000)
  eden space 69632K,   0% used [0x00000000a0000000, 0x00000000a0000000, 0x00000000a4400000)
  from space 8640K,  99% used [0x00000000a4c70000, 0x00000000a54dfff8, 0x00000000a54e0000)
  to   space 8640K,   0% used [0x00000000a4400000, 0x00000000a4400000, 0x00000000a4c70000)
 tenured generation   total 172032K, used 147787K [0x00000000c0000000, 0x00000000ca800000, 0x0000000100000000)
   the space 172032K,  85% used [0x00000000c0000000, 0x00000000c9052eb0, 0x00000000c9053000, 0x00000000ca800000)
 Metaspace       used 105193K, committed 106752K, reserved 557056K
  class space    used 14807K, committed 15552K, reserved 425984K
}
Event: 46.042 GC heap before
{Heap before GC invocations=34 (full 4):
 def new generation   total 78272K, used 78271K [0x00000000a0000000, 0x00000000a54e0000, 0x00000000c0000000)
  eden space 69632K, 100% used [0x00000000a0000000, 0x00000000a4400000, 0x00000000a4400000)
  from space 8640K,  99% used [0x00000000a4c70000, 0x00000000a54dfff8, 0x00000000a54e0000)
  to   space 8640K,   0% used [0x00000000a4400000, 0x00000000a4400000, 0x00000000a4c70000)
 tenured generation   total 172032K, used 147787K [0x00000000c0000000, 0x00000000ca800000, 0x0000000100000000)
   the space 172032K,  85% used [0x00000000c0000000, 0x00000000c9052eb0, 0x00000000c9053000, 0x00000000ca800000)
 Metaspace       used 105195K, committed 106752K, reserved 557056K
  class space    used 14807K, committed 15552K, reserved 425984K
}
Event: 46.067 GC heap after
{Heap after GC invocations=35 (full 4):
 def new generation   total 78272K, used 3514K [0x00000000a0000000, 0x00000000a54e0000, 0x00000000c0000000)
  eden space 69632K,   0% used [0x00000000a0000000, 0x00000000a0000000, 0x00000000a4400000)
  from space 8640K,  40% used [0x00000000a4400000, 0x00000000a476eb70, 0x00000000a4c70000)
  to   space 8640K,   0% used [0x00000000a4c70000, 0x00000000a4c70000, 0x00000000a54e0000)
 tenured generation   total 172032K, used 154798K [0x00000000c0000000, 0x00000000ca800000, 0x0000000100000000)
   the space 172032K,  89% used [0x00000000c0000000, 0x00000000c972b9c8, 0x00000000c972ba00, 0x00000000ca800000)
 Metaspace       used 105195K, committed 106752K, reserved 557056K
  class space    used 14807K, committed 15552K, reserved 425984K
}
Event: 46.412 GC heap before
{Heap before GC invocations=35 (full 4):
 def new generation   total 78272K, used 73146K [0x00000000a0000000, 0x00000000a54e0000, 0x00000000c0000000)
  eden space 69632K, 100% used [0x00000000a0000000, 0x00000000a4400000, 0x00000000a4400000)
  from space 8640K,  40% used [0x00000000a4400000, 0x00000000a476eb70, 0x00000000a4c70000)
  to   space 8640K,   0% used [0x00000000a4c70000, 0x00000000a4c70000, 0x00000000a54e0000)
 tenured generation   total 172032K, used 154798K [0x00000000c0000000, 0x00000000ca800000, 0x0000000100000000)
   the space 172032K,  89% used [0x00000000c0000000, 0x00000000c972b9c8, 0x00000000c972ba00, 0x00000000ca800000)
 Metaspace       used 105195K, committed 106752K, reserved 557056K
  class space    used 14807K, committed 15552K, reserved 425984K
}
Event: 46.430 GC heap after
{Heap after GC invocations=36 (full 4):
 def new generation   total 78272K, used 5436K [0x00000000a0000000, 0x00000000a54e0000, 0x00000000c0000000)
  eden space 69632K,   0% used [0x00000000a0000000, 0x00000000a0000000, 0x00000000a4400000)
  from space 8640K,  62% used [0x00000000a4c70000, 0x00000000a51bf190, 0x00000000a54e0000)
  to   space 8640K,   0% used [0x00000000a4400000, 0x00000000a4400000, 0x00000000a4c70000)
 tenured generation   total 172032K, used 154798K [0x00000000c0000000, 0x00000000ca800000, 0x0000000100000000)
   the space 172032K,  89% used [0x00000000c0000000, 0x00000000c972b9c8, 0x00000000c972ba00, 0x00000000ca800000)
 Metaspace       used 105195K, committed 106752K, reserved 557056K
  class space    used 14807K, committed 15552K, reserved 425984K
}
Event: 47.089 GC heap before
{Heap before GC invocations=36 (full 4):
 def new generation   total 78272K, used 75068K [0x00000000a0000000, 0x00000000a54e0000, 0x00000000c0000000)
  eden space 69632K, 100% used [0x00000000a0000000, 0x00000000a4400000, 0x00000000a4400000)
  from space 8640K,  62% used [0x00000000a4c70000, 0x00000000a51bf190, 0x00000000a54e0000)
  to   space 8640K,   0% used [0x00000000a4400000, 0x00000000a4400000, 0x00000000a4c70000)
 tenured generation   total 172032K, used 154798K [0x00000000c0000000, 0x00000000ca800000, 0x0000000100000000)
   the space 172032K,  89% used [0x00000000c0000000, 0x00000000c972b9c8, 0x00000000c972ba00, 0x00000000ca800000)
 Metaspace       used 105420K, committed 106880K, reserved 557056K
  class space    used 14839K, committed 15552K, reserved 425984K
}
Event: 47.130 GC heap after
{Heap after GC invocations=37 (full 4):
 def new generation   total 78272K, used 8640K [0x00000000a0000000, 0x00000000a54e0000, 0x00000000c0000000)
  eden space 69632K,   0% used [0x00000000a0000000, 0x00000000a0000000, 0x00000000a4400000)
  from space 8640K, 100% used [0x00000000a4400000, 0x00000000a4c70000, 0x00000000a4c70000)
  to   space 8640K,   0% used [0x00000000a4c70000, 0x00000000a4c70000, 0x00000000a54e0000)
 tenured generation   total 172032K, used 162822K [0x00000000c0000000, 0x00000000ca800000, 0x0000000100000000)
   the space 172032K,  94% used [0x00000000c0000000, 0x00000000c9f01b70, 0x00000000c9f01c00, 0x00000000ca800000)
 Metaspace       used 105420K, committed 106880K, reserved 557056K
  class space    used 14839K, committed 15552K, reserved 425984K
}
Event: 47.375 GC heap before
{Heap before GC invocations=37 (full 4):
 def new generation   total 78272K, used 78272K [0x00000000a0000000, 0x00000000a54e0000, 0x00000000c0000000)
  eden space 69632K, 100% used [0x00000000a0000000, 0x00000000a4400000, 0x00000000a4400000)
  from space 8640K, 100% used [0x00000000a4400000, 0x00000000a4c70000, 0x00000000a4c70000)
  to   space 8640K,   0% used [0x00000000a4c70000, 0x00000000a4c70000, 0x00000000a54e0000)
 tenured generation   total 172032K, used 162822K [0x00000000c0000000, 0x00000000ca800000, 0x0000000100000000)
   the space 172032K,  94% used [0x00000000c0000000, 0x00000000c9f01b70, 0x00000000c9f01c00, 0x00000000ca800000)
 Metaspace       used 105421K, committed 106880K, reserved 557056K
  class space    used 14839K, committed 15552K, reserved 425984K
}
Event: 47.398 GC heap after
{Heap after GC invocations=38 (full 4):
 def new generation   total 78272K, used 3434K [0x00000000a0000000, 0x00000000a54e0000, 0x00000000c0000000)
  eden space 69632K,   0% used [0x00000000a0000000, 0x00000000a0000000, 0x00000000a4400000)
  from space 8640K,  39% used [0x00000000a4c70000, 0x00000000a4fca828, 0x00000000a54e0000)
  to   space 8640K,   0% used [0x00000000a4400000, 0x00000000a4400000, 0x00000000a4c70000)
 tenured generation   total 172032K, used 171091K [0x00000000c0000000, 0x00000000ca800000, 0x0000000100000000)
   the space 172032K,  99% used [0x00000000c0000000, 0x00000000ca714fa8, 0x00000000ca715000, 0x00000000ca800000)
 Metaspace       used 105421K, committed 106880K, reserved 557056K
  class space    used 14839K, committed 15552K, reserved 425984K
}
Event: 47.928 GC heap before
{Heap before GC invocations=38 (full 4):
 def new generation   total 78272K, used 73066K [0x00000000a0000000, 0x00000000a54e0000, 0x00000000c0000000)
  eden space 69632K, 100% used [0x00000000a0000000, 0x00000000a4400000, 0x00000000a4400000)
  from space 8640K,  39% used [0x00000000a4c70000, 0x00000000a4fca828, 0x00000000a54e0000)
  to   space 8640K,   0% used [0x00000000a4400000, 0x00000000a4400000, 0x00000000a4c70000)
 tenured generation   total 172032K, used 171091K [0x00000000c0000000, 0x00000000ca800000, 0x0000000100000000)
   the space 172032K,  99% used [0x00000000c0000000, 0x00000000ca714fa8, 0x00000000ca715000, 0x00000000ca800000)
 Metaspace       used 105586K, committed 107136K, reserved 557056K
  class space    used 14856K, committed 15616K, reserved 425984K
}
Event: 47.951 GC heap after
{Heap after GC invocations=39 (full 4):
 def new generation   total 78272K, used 8640K [0x00000000a0000000, 0x00000000a54e0000, 0x00000000c0000000)
  eden space 69632K,   0% used [0x00000000a0000000, 0x00000000a0000000, 0x00000000a4400000)
  from space 8640K, 100% used [0x00000000a4400000, 0x00000000a4c70000, 0x00000000a4c70000)
  to   space 8640K,   0% used [0x00000000a4c70000, 0x00000000a4c70000, 0x00000000a54e0000)
 tenured generation   total 175104K, used 175080K [0x00000000c0000000, 0x00000000cab00000, 0x0000000100000000)
   the space 175104K,  99% used [0x00000000c0000000, 0x00000000caafa168, 0x00000000caafa200, 0x00000000cab00000)
 Metaspace       used 105586K, committed 107136K, reserved 557056K
  class space    used 14856K, committed 15616K, reserved 425984K
}
Event: 47.951 GC heap before
{Heap before GC invocations=39 (full 4):
 def new generation   total 78272K, used 8640K [0x00000000a0000000, 0x00000000a54e0000, 0x00000000c0000000)
  eden space 69632K,   0% used [0x00000000a0000000, 0x00000000a0000000, 0x00000000a4400000)
  from space 8640K, 100% used [0x00000000a4400000, 0x00000000a4c70000, 0x00000000a4c70000)
  to   space 8640K,   0% used [0x00000000a4c70000, 0x00000000a4c70000, 0x00000000a54e0000)
 tenured generation   total 175104K, used 175080K [0x00000000c0000000, 0x00000000cab00000, 0x0000000100000000)
   the space 175104K,  99% used [0x00000000c0000000, 0x00000000caafa168, 0x00000000caafa200, 0x00000000cab00000)
 Metaspace       used 105586K, committed 107136K, reserved 557056K
  class space    used 14856K, committed 15616K, reserved 425984K
}
Event: 48.293 GC heap after
{Heap after GC invocations=39 (full 5):
 def new generation   total 132160K, used 7217K [0x00000000a0000000, 0x00000000a8f60000, 0x00000000c0000000)
  eden space 117504K,   6% used [0x00000000a0000000, 0x00000000a070c578, 0x00000000a72c0000)
  from space 14656K,   0% used [0x00000000a72c0000, 0x00000000a72c0000, 0x00000000a8110000)
  to   space 14656K,   0% used [0x00000000a8110000, 0x00000000a8110000, 0x00000000a8f60000)
 tenured generation   total 291788K, used 175071K [0x00000000c0000000, 0x00000000d1cf3000, 0x0000000100000000)
   the space 291788K,  59% used [0x00000000c0000000, 0x00000000caaf7f88, 0x00000000caaf8000, 0x00000000d1cf3000)
 Metaspace       used 105586K, committed 107136K, reserved 557056K
  class space    used 14856K, committed 15616K, reserved 425984K
}
Event: 48.826 GC heap before
{Heap before GC invocations=39 (full 5):
 def new generation   total 132160K, used 117504K [0x00000000a0000000, 0x00000000a8f60000, 0x00000000c0000000)
  eden space 117504K, 100% used [0x00000000a0000000, 0x00000000a72c0000, 0x00000000a72c0000)
  from space 14656K,   0% used [0x00000000a72c0000, 0x00000000a72c0000, 0x00000000a8110000)
  to   space 14656K,   0% used [0x00000000a8110000, 0x00000000a8110000, 0x00000000a8f60000)
 tenured generation   total 291788K, used 175071K [0x00000000c0000000, 0x00000000d1cf3000, 0x0000000100000000)
   the space 291788K,  59% used [0x00000000c0000000, 0x00000000caaf7f88, 0x00000000caaf8000, 0x00000000d1cf3000)
 Metaspace       used 105647K, committed 107200K, reserved 557056K
  class space    used 14866K, committed 15616K, reserved 425984K
}
Event: 48.949 GC heap after
{Heap after GC invocations=40 (full 5):
 def new generation   total 132160K, used 12642K [0x00000000a0000000, 0x00000000a8f60000, 0x00000000c0000000)
  eden space 117504K,   0% used [0x00000000a0000000, 0x00000000a0000000, 0x00000000a72c0000)
  from space 14656K,  86% used [0x00000000a8110000, 0x00000000a8d689b0, 0x00000000a8f60000)
  to   space 14656K,   0% used [0x00000000a72c0000, 0x00000000a72c0000, 0x00000000a8110000)
 tenured generation   total 291788K, used 175132K [0x00000000c0000000, 0x00000000d1cf3000, 0x0000000100000000)
   the space 291788K,  60% used [0x00000000c0000000, 0x00000000cab07110, 0x00000000cab07200, 0x00000000d1cf3000)
 Metaspace       used 105647K, committed 107200K, reserved 557056K
  class space    used 14866K, committed 15616K, reserved 425984K
}
Event: 50.067 GC heap before
{Heap before GC invocations=40 (full 5):
 def new generation   total 132160K, used 130146K [0x00000000a0000000, 0x00000000a8f60000, 0x00000000c0000000)
  eden space 117504K, 100% used [0x00000000a0000000, 0x00000000a72c0000, 0x00000000a72c0000)
  from space 14656K,  86% used [0x00000000a8110000, 0x00000000a8d689b0, 0x00000000a8f60000)
  to   space 14656K,   0% used [0x00000000a72c0000, 0x00000000a72c0000, 0x00000000a8110000)
 tenured generation   total 291788K, used 175132K [0x00000000c0000000, 0x00000000d1cf3000, 0x0000000100000000)
   the space 291788K,  60% used [0x00000000c0000000, 0x00000000cab07110, 0x00000000cab07200, 0x00000000d1cf3000)
 Metaspace       used 106130K, committed 107840K, reserved 557056K
  class space    used 14945K, committed 15744K, reserved 425984K
}
Event: 50.121 GC heap after
{Heap after GC invocations=41 (full 5):
 def new generation   total 132160K, used 14129K [0x00000000a0000000, 0x00000000a8f60000, 0x00000000c0000000)
  eden space 117504K,   0% used [0x00000000a0000000, 0x00000000a0000000, 0x00000000a72c0000)
  from space 14656K,  96% used [0x00000000a72c0000, 0x00000000a808c750, 0x00000000a8110000)
  to   space 14656K,   0% used [0x00000000a8110000, 0x00000000a8110000, 0x00000000a8f60000)
 tenured generation   total 291788K, used 185195K [0x00000000c0000000, 0x00000000d1cf3000, 0x0000000100000000)
   the space 291788K,  63% used [0x00000000c0000000, 0x00000000cb4daf70, 0x00000000cb4db000, 0x00000000d1cf3000)
 Metaspace       used 106130K, committed 107840K, reserved 557056K
  class space    used 14945K, committed 15744K, reserved 425984K
}
Event: 50.710 GC heap before
{Heap before GC invocations=41 (full 5):
 def new generation   total 132160K, used 131633K [0x00000000a0000000, 0x00000000a8f60000, 0x00000000c0000000)
  eden space 117504K, 100% used [0x00000000a0000000, 0x00000000a72c0000, 0x00000000a72c0000)
  from space 14656K,  96% used [0x00000000a72c0000, 0x00000000a808c750, 0x00000000a8110000)
  to   space 14656K,   0% used [0x00000000a8110000, 0x00000000a8110000, 0x00000000a8f60000)
 tenured generation   total 291788K, used 185195K [0x00000000c0000000, 0x00000000d1cf3000, 0x0000000100000000)
   the space 291788K,  63% used [0x00000000c0000000, 0x00000000cb4daf70, 0x00000000cb4db000, 0x00000000d1cf3000)
 Metaspace       used 106198K, committed 107904K, reserved 557056K
  class space    used 14955K, committed 15744K, reserved 425984K
}
Event: 50.757 GC heap after
{Heap after GC invocations=42 (full 5):
 def new generation   total 132160K, used 6422K [0x00000000a0000000, 0x00000000a8f60000, 0x00000000c0000000)
  eden space 117504K,   0% used [0x00000000a0000000, 0x00000000a0000000, 0x00000000a72c0000)
  from space 14656K,  43% used [0x00000000a8110000, 0x00000000a8755b88, 0x00000000a8f60000)
  to   space 14656K,   0% used [0x00000000a72c0000, 0x00000000a72c0000, 0x00000000a8110000)
 tenured generation   total 291788K, used 196928K [0x00000000c0000000, 0x00000000d1cf3000, 0x0000000100000000)
   the space 291788K,  67% used [0x00000000c0000000, 0x00000000cc0501c8, 0x00000000cc050200, 0x00000000d1cf3000)
 Metaspace       used 106198K, committed 107904K, reserved 557056K
  class space    used 14955K, committed 15744K, reserved 425984K
}

